@67. NtRte  -RcvTask start-at Thu Mar 08 09:06:30 2001
. 0-0.
@93. NtRte start loop -RcvTask processing message-at Thu Mar 08 09:06:30 2001
. 0-0.
@104. NtRte Recv  -src=ANY-KWSERV1, dest=CHKAUTH-SPSWRK6-at Thu Mar 08 09:06:44 2001
. 0-0.
@120. NtRte RecvTask MsgText and ii --at Thu Mar 08 09:06:44 2001
. 0-0.
@132. NtRte RecvTask -SendMsg() to Destination-at Thu Mar 08 09:06:44 2001
. 0-0.
@135. NtRte end loop -RcvTask-at Thu Mar 08 09:06:44 2001
. 0-0.
@93. NtRte start loop -RcvTask processing message-at Thu Mar 08 09:06:44 2001
. 0-0.
@286. NtRte  -DoApplicationMsg-at Thu Mar 08 09:06:44 2001
. 0-0.
@312. NtRte Send  -src=ANY-KWSERV1, dest=ManageDB-SPSWRK6-at Thu Mar 08 09:06:44 2001
. 428-0.
@322. NtRte  -SendTo End-at Thu Mar 08 09:06:44 2001
. 0-0.
@104. NtRte Recv  -src=ANY-KWSERV1, dest=ManageDB-SPSWRK6-at Thu Mar 08 09:06:44 2001
. 0-0.
@120. NtRte RecvTask MsgText and ii --at Thu Mar 08 09:06:44 2001
. 0-0.
@132. NtRte RecvTask -SendMsg() to Destination-at Thu Mar 08 09:06:44 2001
. 0-0.
@135. NtRte end loop -RcvTask-at Thu Mar 08 09:06:44 2001
. 0-0.
@93. NtRte start loop -RcvTask processing message-at Thu Mar 08 09:06:44 2001
. 0-0.
@286. NtRte  -DoApplicationMsg-at Thu Mar 08 09:06:44 2001
. 0-0.
@312. NtRte Send  -src=POSAUTH-SPSWRK6, dest=ManageDB-SPSWRK6-at Thu Mar 08 09:06:44 2001
. 62-0.
@322. NtRte  -SendTo End-at Thu Mar 08 09:06:44 2001
. 0-0.
@104. NtRte Recv  -src=POSAUTH-SPSWRK6, dest=ManageDB-SPSWRK6-at Thu Mar 08 09:06:44 2001
. 0-0.
@120. NtRte RecvTask MsgText and ii --at Thu Mar 08 09:06:44 2001
. 0-0.
@132. NtRte RecvTask -SendMsg() to Destination-at Thu Mar 08 09:06:44 2001
. 0-0.
@135. NtRte end loop -RcvTask-at Thu Mar 08 09:06:44 2001
. 0-0.
@93. NtRte start loop -RcvTask processing message-at Thu Mar 08 09:06:44 2001
. 0-0.
@286. NtRte  -DoApplicationMsg-at Thu Mar 08 09:06:44 2001
. 0-0.
@312. NtRte Send  -src=ANY-KWSERV1, dest=ANY-KWSERV1-at Thu Mar 08 09:06:44 2001
. 1873-0.
@322. NtRte  -SendTo End-at Thu Mar 08 09:06:44 2001
. 0-0.
@104. NtRte Recv  -src=ANY-KWSERV1, dest=CHKAUTH-SPSWRK6-at Thu Mar 08 09:06:48 2001
. 0-0.
@120. NtRte RecvTask MsgText and ii --at Thu Mar 08 09:06:48 2001
. 0-0.
@132. NtRte RecvTask -SendMsg() to Destination-at Thu Mar 08 09:06:48 2001
. 0-0.
@135. NtRte end loop -RcvTask-at Thu Mar 08 09:06:48 2001
. 0-0.
@93. NtRte start loop -RcvTask processing message-at Thu Mar 08 09:06:48 2001
. 0-0.
@286. NtRte  -DoApplicationMsg-at Thu Mar 08 09:06:48 2001
. 0-0.
@312. NtRte Send  -src=ANY-KWSERV1, dest=ManageDB-SPSWRK6-at Thu Mar 08 09:06:48 2001
. 426-0.
@322. NtRte  -SendTo End-at Thu Mar 08 09:06:48 2001
. 0-0.
@104. NtRte Recv  -src=ANY-KWSERV1, dest=ManageDB-SPSWRK6-at Thu Mar 08 09:06:48 2001
. 0-0.
@120. NtRte RecvTask MsgText and ii --at Thu Mar 08 09:06:48 2001
. 0-0.
@132. NtRte RecvTask -SendMsg() to Destination-at Thu Mar 08 09:06:48 2001
. 0-0.
@135. NtRte end loop -RcvTask-at Thu Mar 08 09:06:48 2001
. 0-0.
@93. NtRte start loop -RcvTask processing message-at Thu Mar 08 09:06:48 2001
. 0-0.
@286. NtRte  -DoApplicationMsg-at Thu Mar 08 09:06:48 2001
. 0-0.
@312. NtRte Send  -src=POSAUTH-SPSWRK6, dest=ManageDB-SPSWRK6-at Thu Mar 08 09:06:48 2001
. 62-0.
@322. NtRte  -SendTo End-at Thu Mar 08 09:06:48 2001
. 0-0.
@104. NtRte Recv  -src=POSAUTH-SPSWRK6, dest=ManageDB-SPSWRK6-at Thu Mar 08 09:06:48 2001
. 0-0.
@120. NtRte RecvTask MsgText and ii --at Thu Mar 08 09:06:48 2001
. 0-0.
@132. NtRte RecvTask -SendMsg() to Destination-at Thu Mar 08 09:06:48 2001
. 0-0.
@135. NtRte end loop -RcvTask-at Thu Mar 08 09:06:48 2001
. 0-0.
@93. NtRte start loop -RcvTask processing message-at Thu Mar 08 09:06:48 2001
. 0-0.
@286. NtRte  -DoApplicationMsg-at Thu Mar 08 09:06:48 2001
. 0-0.
@312. NtRte Send  -src=ANY-KWSERV1, dest=ANY-KWSERV1-at Thu Mar 08 09:06:48 2001
. 1871-0.
@322. NtRte  -SendTo End-at Thu Mar 08 09:06:48 2001
. 0-0.
@104. NtRte Recv  -src=ANY-KWSERV1, dest=CHKAUTH-SPSWRK6-at Thu Mar 08 09:06:57 2001
. 0-0.
@120. NtRte RecvTask MsgText and ii --at Thu Mar 08 09:06:57 2001
. 0-0.
@132. NtRte RecvTask -SendMsg() to Destination-at Thu Mar 08 09:06:57 2001
. 0-0.
@135. NtRte end loop -RcvTask-at Thu Mar 08 09:06:57 2001
. 0-0.
@93. NtRte start loop -RcvTask processing message-at Thu Mar 08 09:06:57 2001
. 0-0.
@286. NtRte  -DoApplicationMsg-at Thu Mar 08 09:06:57 2001
. 0-0.
@312. NtRte Send  -src=ANY-KWSERV1, dest=ManageDB-SPSWRK6-at Thu Mar 08 09:06:57 2001
. 284-0.
@322. NtRte  -SendTo End-at Thu Mar 08 09:06:57 2001
. 0-0.
@104. NtRte Recv  -src=ANY-KWSERV1, dest=ManageDB-SPSWRK6-at Thu Mar 08 09:06:57 2001
. 0-0.
@120. NtRte RecvTask MsgText and ii --at Thu Mar 08 09:06:57 2001
. 0-0.
@132. NtRte RecvTask -SendMsg() to Destination-at Thu Mar 08 09:06:57 2001
. 0-0.
@135. NtRte end loop -RcvTask-at Thu Mar 08 09:06:57 2001
. 0-0.
@93. NtRte start loop -RcvTask processing message-at Thu Mar 08 09:06:57 2001
. 0-0.
@286. NtRte  -DoApplicationMsg-at Thu Mar 08 09:06:57 2001
. 0-0.
@312. NtRte Send  -src=POSAUTH-SPSWRK6, dest=ManageDB-SPSWRK6-at Thu Mar 08 09:06:57 2001
. 62-0.
@322. NtRte  -SendTo End-at Thu Mar 08 09:06:57 2001
. 0-0.
@104. NtRte Recv  -src=POSAUTH-SPSWRK6, dest=ManageDB-SPSWRK6-at Thu Mar 08 09:06:57 2001
. 0-0.
@120. NtRte RecvTask MsgText and ii --at Thu Mar 08 09:06:57 2001
. 0-0.
@132. NtRte RecvTask -SendMsg() to Destination-at Thu Mar 08 09:06:57 2001
. 0-0.
@135. NtRte end loop -RcvTask-at Thu Mar 08 09:06:57 2001
. 0-0.
@93. NtRte start loop -RcvTask processing message-at Thu Mar 08 09:06:57 2001
. 0-0.
@286. NtRte  -DoApplicationMsg-at Thu Mar 08 09:06:57 2001
. 0-0.
@312. NtRte Send  -src=ANY-KWSERV1, dest=ANY-KWSERV1-at Thu Mar 08 09:06:57 2001
. 1726-0.
@322. NtRte  -SendTo End-at Thu Mar 08 09:06:57 2001
. 0-0.
@104. NtRte Recv  -src=ANY-KWSERV1, dest=CHKAUTH-SPSWRK6-at Thu Mar 08 09:07:27 2001
. 0-0.
@120. NtRte RecvTask MsgText and ii --at Thu Mar 08 09:07:27 2001
. 0-0.
@132. NtRte RecvTask -SendMsg() to Destination-at Thu Mar 08 09:07:27 2001
. 0-0.
@135. NtRte end loop -RcvTask-at Thu Mar 08 09:07:27 2001
. 0-0.
@93. NtRte start loop -RcvTask processing message-at Thu Mar 08 09:07:27 2001
. 0-0.
@286. NtRte  -DoApplicationMsg-at Thu Mar 08 09:07:27 2001
. 0-0.
@312. NtRte Send  -src=ANY-KWSERV1, dest=ManageDB-SPSWRK6-at Thu Mar 08 09:07:27 2001
. 512-0.
@322. NtRte  -SendTo End-at Thu Mar 08 09:07:27 2001
. 0-0.
@104. NtRte Recv  -src=ANY-KWSERV1, dest=ManageDB-SPSWRK6-at Thu Mar 08 09:07:27 2001
. 0-0.
@120. NtRte RecvTask MsgText and ii --at Thu Mar 08 09:07:27 2001
. 0-0.
@132. NtRte RecvTask -SendMsg() to Destination-at Thu Mar 08 09:07:27 2001
. 0-0.
@135. NtRte end loop -RcvTask-at Thu Mar 08 09:07:27 2001
. 0-0.
@93. NtRte start loop -RcvTask processing message-at Thu Mar 08 09:07:27 2001
. 0-0.
@286. NtRte  -DoApplicationMsg-at Thu Mar 08 09:07:27 2001
. 0-0.
@312. NtRte Send  -src=POSAUTH-SPSWRK6, dest=ManageDB-SPSWRK6-at Thu Mar 08 09:07:27 2001
. 62-0.
@322. NtRte  -SendTo End-at Thu Mar 08 09:07:27 2001
. 0-0.
@104. NtRte Recv  -src=POSAUTH-SPSWRK6, dest=ManageDB-SPSWRK6-at Thu Mar 08 09:07:27 2001
. 0-0.
@120. NtRte RecvTask MsgText and ii --at Thu Mar 08 09:07:27 2001
. 0-0.
@132. NtRte RecvTask -SendMsg() to Destination-at Thu Mar 08 09:07:27 2001
. 0-0.
@135. NtRte end loop -RcvTask-at Thu Mar 08 09:07:27 2001
. 0-0.
@93. NtRte start loop -RcvTask processing message-at Thu Mar 08 09:07:27 2001
. 0-0.
@286. NtRte  -DoApplicationMsg-at Thu Mar 08 09:07:27 2001
. 0-0.
@312. NtRte Send  -src=ANY-KWSERV1, dest=ANY-KWSERV1-at Thu Mar 08 09:07:27 2001
. 1954-0.
@322. NtRte  -SendTo End-at Thu Mar 08 09:07:27 2001
. 0-0.
@104. NtRte Recv  -src=ANY-KWSERV1, dest=CHKAUTH-SPSWRK6-at Thu Mar 08 09:07:51 2001
. 0-0.
@120. NtRte RecvTask MsgText and ii --at Thu Mar 08 09:07:51 2001
. 0-0.
@132. NtRte RecvTask -SendMsg() to Destination-at Thu Mar 08 09:07:51 2001
. 0-0.
@135. NtRte end loop -RcvTask-at Thu Mar 08 09:07:51 2001
. 0-0.
@93. NtRte start loop -RcvTask processing message-at Thu Mar 08 09:07:51 2001
. 0-0.
@286. NtRte  -DoApplicationMsg-at Thu Mar 08 09:07:51 2001
. 0-0.
@312. NtRte Send  -src=ANY-KWSERV1, dest=ManageDB-SPSWRK6-at Thu Mar 08 09:07:51 2001
. 312-0.
@322. NtRte  -SendTo End-at Thu Mar 08 09:07:51 2001
. 0-0.
@104. NtRte Recv  -src=ANY-KWSERV1, dest=ManageDB-SPSWRK6-at Thu Mar 08 09:07:51 2001
. 0-0.
@120. NtRte RecvTask MsgText and ii --at Thu Mar 08 09:07:51 2001
. 0-0.
@132. NtRte RecvTask -SendMsg() to Destination-at Thu Mar 08 09:07:51 2001
. 0-0.
@135. NtRte end loop -RcvTask-at Thu Mar 08 09:07:51 2001
. 0-0.
@93. NtRte start loop -RcvTask processing message-at Thu Mar 08 09:07:51 2001
. 0-0.
@286. NtRte  -DoApplicationMsg-at Thu Mar 08 09:07:51 2001
. 0-0.
@312. NtRte Send  -src=POSAUTH-SPSWRK6, dest=ManageDB-SPSWRK6-at Thu Mar 08 09:07:51 2001
. 62-0.
@322. NtRte  -SendTo End-at Thu Mar 08 09:07:51 2001
. 0-0.
@104. NtRte Recv  -src=POSAUTH-SPSWRK6, dest=ManageDB-SPSWRK6-at Thu Mar 08 09:07:51 2001
. 0-0.
@120. NtRte RecvTask MsgText and ii --at Thu Mar 08 09:07:51 2001
. 0-0.
@132. NtRte RecvTask -SendMsg() to Destination-at Thu Mar 08 09:07:51 2001
. 0-0.
@135. NtRte end loop -RcvTask-at Thu Mar 08 09:07:51 2001
. 0-0.
@93. NtRte start loop -RcvTask processing message-at Thu Mar 08 09:07:51 2001
. 0-0.
@286. NtRte  -DoApplicationMsg-at Thu Mar 08 09:07:51 2001
. 0-0.
@312. NtRte Send  -src=ANY-KWSERV1, dest=ANY-KWSERV1-at Thu Mar 08 09:07:51 2001
. 1761-0.
@322. NtRte  -SendTo End-at Thu Mar 08 09:07:51 2001
. 0-0.
@104. NtRte Recv  -src=ANY-KWSERV1, dest=CHKAUTH-SPSWRK6-at Thu Mar 08 09:08:01 2001
. 0-0.
@120. NtRte RecvTask MsgText and ii --at Thu Mar 08 09:08:01 2001
. 0-0.
@132. NtRte RecvTask -SendMsg() to Destination-at Thu Mar 08 09:08:01 2001
. 0-0.
@135. NtRte end loop -RcvTask-at Thu Mar 08 09:08:01 2001
. 0-0.
@93. NtRte start loop -RcvTask processing message-at Thu Mar 08 09:08:01 2001
. 0-0.
@286. NtRte  -DoApplicationMsg-at Thu Mar 08 09:08:01 2001
. 0-0.
@312. NtRte Send  -src=ANY-KWSERV1, dest=ManageDB-SPSWRK6-at Thu Mar 08 09:08:01 2001
. 308-0.
@322. NtRte  -SendTo End-at Thu Mar 08 09:08:01 2001
. 0-0.
@104. NtRte Recv  -src=ANY-KWSERV1, dest=ManageDB-SPSWRK6-at Thu Mar 08 09:08:01 2001
. 0-0.
@120. NtRte RecvTask MsgText and ii --at Thu Mar 08 09:08:01 2001
. 0-0.
@132. NtRte RecvTask -SendMsg() to Destination-at Thu Mar 08 09:08:01 2001
. 0-0.
@135. NtRte end loop -RcvTask-at Thu Mar 08 09:08:01 2001
. 0-0.
@93. NtRte start loop -RcvTask processing message-at Thu Mar 08 09:08:01 2001
. 0-0.
@286. NtRte  -DoApplicationMsg-at Thu Mar 08 09:08:01 2001
. 0-0.
@312. NtRte Send  -src=POSAUTH-SPSWRK6, dest=ManageDB-SPSWRK6-at Thu Mar 08 09:08:01 2001
. 62-0.
@322. NtRte  -SendTo End-at Thu Mar 08 09:08:01 2001
. 0-0.
@104. NtRte Recv  -src=POSAUTH-SPSWRK6, dest=ManageDB-SPSWRK6-at Thu Mar 08 09:08:01 2001
. 0-0.
@120. NtRte RecvTask MsgText and ii --at Thu Mar 08 09:08:01 2001
. 0-0.
@132. NtRte RecvTask -SendMsg() to Destination-at Thu Mar 08 09:08:01 2001
. 0-0.
@135. NtRte end loop -RcvTask-at Thu Mar 08 09:08:01 2001
. 0-0.
@93. NtRte start loop -RcvTask processing message-at Thu Mar 08 09:08:01 2001
. 0-0.
@286. NtRte  -DoApplicationMsg-at Thu Mar 08 09:08:01 2001
. 0-0.
@312. NtRte Send  -src=ANY-KWSERV1, dest=ANY-KWSERV1-at Thu Mar 08 09:08:01 2001
. 1757-0.
@322. NtRte  -SendTo End-at Thu Mar 08 09:08:01 2001
. 0-0.
@104. NtRte Recv  -src=ANY-KWSERV1, dest=CHKAUTH-SPSWRK6-at Thu Mar 08 09:08:03 2001
. 0-0.
@120. NtRte RecvTask MsgText and ii --at Thu Mar 08 09:08:03 2001
. 0-0.
@132. NtRte RecvTask -SendMsg() to Destination-at Thu Mar 08 09:08:03 2001
. 0-0.
@135. NtRte end loop -RcvTask-at Thu Mar 08 09:08:03 2001
. 0-0.
@93. NtRte start loop -RcvTask processing message-at Thu Mar 08 09:08:03 2001
. 0-0.
@286. NtRte  -DoApplicationMsg-at Thu Mar 08 09:08:03 2001
. 0-0.
@312. NtRte Send  -src=ANY-KWSERV1, dest=ManageDB-SPSWRK6-at Thu Mar 08 09:08:03 2001
. 279-0.
@322. NtRte  -SendTo End-at Thu Mar 08 09:08:03 2001
. 0-0.
@104. NtRte Recv  -src=ANY-KWSERV1, dest=ManageDB-SPSWRK6-at Thu Mar 08 09:08:03 2001
. 0-0.
@120. NtRte RecvTask MsgText and ii --at Thu Mar 08 09:08:03 2001
. 0-0.
@132. NtRte RecvTask -SendMsg() to Destination-at Thu Mar 08 09:08:03 2001
. 0-0.
@135. NtRte end loop -RcvTask-at Thu Mar 08 09:08:03 2001
. 0-0.
@93. NtRte start loop -RcvTask processing message-at Thu Mar 08 09:08:03 2001
. 0-0.
@286. NtRte  -DoApplicationMsg-at Thu Mar 08 09:08:03 2001
. 0-0.
@312. NtRte Send  -src=POSAUTH-SPSWRK6, dest=ManageDB-SPSWRK6-at Thu Mar 08 09:08:03 2001
. 62-0.
@322. NtRte  -SendTo End-at Thu Mar 08 09:08:03 2001
. 0-0.
@104. NtRte Recv  -src=POSAUTH-SPSWRK6, dest=ManageDB-SPSWRK6-at Thu Mar 08 09:08:03 2001
. 0-0.
@120. NtRte RecvTask MsgText and ii --at Thu Mar 08 09:08:03 2001
. 0-0.
@132. NtRte RecvTask -SendMsg() to Destination-at Thu Mar 08 09:08:03 2001
. 0-0.
@135. NtRte end loop -RcvTask-at Thu Mar 08 09:08:03 2001
. 0-0.
@93. NtRte start loop -RcvTask processing message-at Thu Mar 08 09:08:03 2001
. 0-0.
@286. NtRte  -DoApplicationMsg-at Thu Mar 08 09:08:03 2001
. 0-0.
@312. NtRte Send  -src=ANY-KWSERV1, dest=ANY-KWSERV1-at Thu Mar 08 09:08:03 2001
. 1721-0.
@322. NtRte  -SendTo End-at Thu Mar 08 09:08:03 2001
. 0-0.
@104. NtRte Recv  -src=ANY-KWSERV1, dest=CHKAUTH-SPSWRK6-at Thu Mar 08 09:08:06 2001
. 0-0.
@120. NtRte RecvTask MsgText and ii --at Thu Mar 08 09:08:06 2001
. 0-0.
@132. NtRte RecvTask -SendMsg() to Destination-at Thu Mar 08 09:08:06 2001
. 0-0.
@135. NtRte end loop -RcvTask-at Thu Mar 08 09:08:06 2001
. 0-0.
@93. NtRte start loop -RcvTask processing message-at Thu Mar 08 09:08:06 2001
. 0-0.
@286. NtRte  -DoApplicationMsg-at Thu Mar 08 09:08:06 2001
. 0-0.
@312. NtRte Send  -src=ANY-KWSERV1, dest=ManageDB-SPSWRK6-at Thu Mar 08 09:08:06 2001
. 289-0.
@322. NtRte  -SendTo End-at Thu Mar 08 09:08:06 2001
. 0-0.
@104. NtRte Recv  -src=ANY-KWSERV1, dest=ManageDB-SPSWRK6-at Thu Mar 08 09:08:06 2001
. 0-0.
@120. NtRte RecvTask MsgText and ii --at Thu Mar 08 09:08:06 2001
. 0-0.
@132. NtRte RecvTask -SendMsg() to Destination-at Thu Mar 08 09:08:06 2001
. 0-0.
@135. NtRte end loop -RcvTask-at Thu Mar 08 09:08:06 2001
. 0-0.
@93. NtRte start loop -RcvTask processing message-at Thu Mar 08 09:08:06 2001
. 0-0.
@286. NtRte  -DoApplicationMsg-at Thu Mar 08 09:08:06 2001
. 0-0.
@312. NtRte Send  -src=POSAUTH-SPSWRK6, dest=ManageDB-SPSWRK6-at Thu Mar 08 09:08:06 2001
. 62-0.
@322. NtRte  -SendTo End-at Thu Mar 08 09:08:06 2001
. 0-0.
@104. NtRte Recv  -src=POSAUTH-SPSWRK6, dest=ManageDB-SPSWRK6-at Thu Mar 08 09:08:06 2001
. 0-0.
@120. NtRte RecvTask MsgText and ii --at Thu Mar 08 09:08:06 2001
. 0-0.
@132. NtRte RecvTask -SendMsg() to Destination-at Thu Mar 08 09:08:06 2001
. 0-0.
@135. NtRte end loop -RcvTask-at Thu Mar 08 09:08:06 2001
. 0-0.
@93. NtRte start loop -RcvTask processing message-at Thu Mar 08 09:08:06 2001
. 0-0.
@286. NtRte  -DoApplicationMsg-at Thu Mar 08 09:08:06 2001
. 0-0.
@312. NtRte Send  -src=ANY-KWSERV1, dest=ANY-KWSERV1-at Thu Mar 08 09:08:06 2001
. 1734-0.
@322. NtRte  -SendTo End-at Thu Mar 08 09:08:06 2001
. 0-0.
@104. NtRte Recv  -src=ANY-KWSERV1, dest=CHKAUTH-SPSWRK6-at Thu Mar 08 09:08:18 2001
. 0-0.
@120. NtRte RecvTask MsgText and ii --at Thu Mar 08 09:08:18 2001
. 0-0.
@132. NtRte RecvTask -SendMsg() to Destination-at Thu Mar 08 09:08:18 2001
. 0-0.
@135. NtRte end loop -RcvTask-at Thu Mar 08 09:08:18 2001
. 0-0.
@93. NtRte start loop -RcvTask processing message-at Thu Mar 08 09:08:18 2001
. 0-0.
@286. NtRte  -DoApplicationMsg-at Thu Mar 08 09:08:18 2001
. 0-0.
@312. NtRte Send  -src=ANY-KWSERV1, dest=ManageDB-SPSWRK6-at Thu Mar 08 09:08:18 2001
. 278-0.
@322. NtRte  -SendTo End-at Thu Mar 08 09:08:18 2001
. 0-0.
@104. NtRte Recv  -src=ANY-KWSERV1, dest=ManageDB-SPSWRK6-at Thu Mar 08 09:08:18 2001
. 0-0.
@120. NtRte RecvTask MsgText and ii --at Thu Mar 08 09:08:18 2001
. 0-0.
@132. NtRte RecvTask -SendMsg() to Destination-at Thu Mar 08 09:08:18 2001
. 0-0.
@135. NtRte end loop -RcvTask-at Thu Mar 08 09:08:18 2001
. 0-0.
@93. NtRte start loop -RcvTask processing message-at Thu Mar 08 09:08:18 2001
. 0-0.
@286. NtRte  -DoApplicationMsg-at Thu Mar 08 09:08:18 2001
. 0-0.
@312. NtRte Send  -src=POSAUTH-SPSWRK6, dest=ManageDB-SPSWRK6-at Thu Mar 08 09:08:18 2001
. 62-0.
@322. NtRte  -SendTo End-at Thu Mar 08 09:08:18 2001
. 0-0.
@104. NtRte Recv  -src=POSAUTH-SPSWRK6, dest=ManageDB-SPSWRK6-at Thu Mar 08 09:08:18 2001
. 0-0.
@120. NtRte RecvTask MsgText and ii --at Thu Mar 08 09:08:18 2001
. 0-0.
@132. NtRte RecvTask -SendMsg() to Destination-at Thu Mar 08 09:08:18 2001
. 0-0.
@135. NtRte end loop -RcvTask-at Thu Mar 08 09:08:18 2001
. 0-0.
@93. NtRte start loop -RcvTask processing message-at Thu Mar 08 09:08:18 2001
. 0-0.
@286. NtRte  -DoApplicationMsg-at Thu Mar 08 09:08:18 2001
. 0-0.
@312. NtRte Send  -src=ANY-KWSERV1, dest=ANY-KWSERV1-at Thu Mar 08 09:08:18 2001
. 1723-0.
@322. NtRte  -SendTo End-at Thu Mar 08 09:08:18 2001
. 0-0.
@104. NtRte Recv  -src=ANY-KWSERV1, dest=CHKAUTH-SPSWRK6-at Thu Mar 08 09:08:18 2001
. 0-0.
@120. NtRte RecvTask MsgText and ii --at Thu Mar 08 09:08:18 2001
. 0-0.
@132. NtRte RecvTask -SendMsg() to Destination-at Thu Mar 08 09:08:18 2001
. 0-0.
@135. NtRte end loop -RcvTask-at Thu Mar 08 09:08:18 2001
. 0-0.
@93. NtRte start loop -RcvTask processing message-at Thu Mar 08 09:08:18 2001
. 0-0.
@286. NtRte  -DoApplicationMsg-at Thu Mar 08 09:08:18 2001
. 0-0.
@312. NtRte Send  -src=ANY-KWSERV1, dest=ManageDB-SPSWRK6-at Thu Mar 08 09:08:18 2001
. 311-0.
@322. NtRte  -SendTo End-at Thu Mar 08 09:08:18 2001
. 0-0.
@104. NtRte Recv  -src=ANY-KWSERV1, dest=ManageDB-SPSWRK6-at Thu Mar 08 09:08:18 2001
. 0-0.
@120. NtRte RecvTask MsgText and ii --at Thu Mar 08 09:08:18 2001
. 0-0.
@132. NtRte RecvTask -SendMsg() to Destination-at Thu Mar 08 09:08:18 2001
. 0-0.
@135. NtRte end loop -RcvTask-at Thu Mar 08 09:08:18 2001
. 0-0.
@93. NtRte start loop -RcvTask processing message-at Thu Mar 08 09:08:18 2001
. 0-0.
@286. NtRte  -DoApplicationMsg-at Thu Mar 08 09:08:18 2001
. 0-0.
@312. NtRte Send  -src=POSAUTH-SPSWRK6, dest=ManageDB-SPSWRK6-at Thu Mar 08 09:08:18 2001
. 62-0.
@322. NtRte  -SendTo End-at Thu Mar 08 09:08:18 2001
. 0-0.
@104. NtRte Recv  -src=POSAUTH-SPSWRK6, dest=ManageDB-SPSWRK6-at Thu Mar 08 09:08:18 2001
. 0-0.
@120. NtRte RecvTask MsgText and ii --at Thu Mar 08 09:08:18 2001
. 0-0.
@132. NtRte RecvTask -SendMsg() to Destination-at Thu Mar 08 09:08:18 2001
. 0-0.
@135. NtRte end loop -RcvTask-at Thu Mar 08 09:08:18 2001
. 0-0.
@93. NtRte start loop -RcvTask processing message-at Thu Mar 08 09:08:18 2001
. 0-0.
@286. NtRte  -DoApplicationMsg-at Thu Mar 08 09:08:18 2001
. 0-0.
@312. NtRte Send  -src=ANY-KWSERV1, dest=ANY-KWSERV1-at Thu Mar 08 09:08:18 2001
. 1756-0.
@322. NtRte  -SendTo End-at Thu Mar 08 09:08:18 2001
. 0-0.
@104. NtRte Recv  -src=ANY-KWSERV1, dest=CHKAUTH-SPSWRK6-at Thu Mar 08 09:09:21 2001
. 0-0.
@120. NtRte RecvTask MsgText and ii --at Thu Mar 08 09:09:21 2001
. 0-0.
@132. NtRte RecvTask -SendMsg() to Destination-at Thu Mar 08 09:09:21 2001
. 0-0.
@135. NtRte end loop -RcvTask-at Thu Mar 08 09:09:21 2001
. 0-0.
@93. NtRte start loop -RcvTask processing message-at Thu Mar 08 09:09:21 2001
. 0-0.
@286. NtRte  -DoApplicationMsg-at Thu Mar 08 09:09:21 2001
. 0-0.
@312. NtRte Send  -src=ANY-KWSERV1, dest=ManageDB-SPSWRK6-at Thu Mar 08 09:09:21 2001
. 279-0.
@322. NtRte  -SendTo End-at Thu Mar 08 09:09:21 2001
. 0-0.
@104. NtRte Recv  -src=ANY-KWSERV1, dest=ManageDB-SPSWRK6-at Thu Mar 08 09:09:21 2001
. 0-0.
@120. NtRte RecvTask MsgText and ii --at Thu Mar 08 09:09:21 2001
. 0-0.
@132. NtRte RecvTask -SendMsg() to Destination-at Thu Mar 08 09:09:21 2001
. 0-0.
@135. NtRte end loop -RcvTask-at Thu Mar 08 09:09:21 2001
. 0-0.
@93. NtRte start loop -RcvTask processing message-at Thu Mar 08 09:09:21 2001
. 0-0.
@286. NtRte  -DoApplicationMsg-at Thu Mar 08 09:09:21 2001
. 0-0.
@312. NtRte Send  -src=POSAUTH-SPSWRK6, dest=ManageDB-SPSWRK6-at Thu Mar 08 09:09:21 2001
. 62-0.
@322. NtRte  -SendTo End-at Thu Mar 08 09:09:21 2001
. 0-0.
@104. NtRte Recv  -src=POSAUTH-SPSWRK6, dest=ManageDB-SPSWRK6-at Thu Mar 08 09:09:21 2001
. 0-0.
@120. NtRte RecvTask MsgText and ii --at Thu Mar 08 09:09:21 2001
. 0-0.
@132. NtRte RecvTask -SendMsg() to Destination-at Thu Mar 08 09:09:21 2001
. 0-0.
@135. NtRte end loop -RcvTask-at Thu Mar 08 09:09:21 2001
. 0-0.
@93. NtRte start loop -RcvTask processing message-at Thu Mar 08 09:09:21 2001
. 0-0.
@286. NtRte  -DoApplicationMsg-at Thu Mar 08 09:09:21 2001
. 0-0.
@312. NtRte Send  -src=ANY-KWSERV1, dest=ANY-KWSERV1-at Thu Mar 08 09:09:21 2001
. 1721-0.
@322. NtRte  -SendTo End-at Thu Mar 08 09:09:21 2001
. 0-0.
@104. NtRte Recv  -src=ANY-KWSERV1, dest=CHKAUTH-SPSWRK6-at Thu Mar 08 09:09:34 2001
. 0-0.
@120. NtRte RecvTask MsgText and ii --at Thu Mar 08 09:09:34 2001
. 0-0.
@132. NtRte RecvTask -SendMsg() to Destination-at Thu Mar 08 09:09:34 2001
. 0-0.
@135. NtRte end loop -RcvTask-at Thu Mar 08 09:09:34 2001
. 0-0.
@93. NtRte start loop -RcvTask processing message-at Thu Mar 08 09:09:34 2001
. 0-0.
@286. NtRte  -DoApplicationMsg-at Thu Mar 08 09:09:34 2001
. 0-0.
@312. NtRte Send  -src=ANY-KWSERV1, dest=ManageDB-SPSWRK6-at Thu Mar 08 09:09:34 2001
. 396-0.
@322. NtRte  -SendTo End-at Thu Mar 08 09:09:34 2001
. 0-0.
@104. NtRte Recv  -src=ANY-KWSERV1, dest=ManageDB-SPSWRK6-at Thu Mar 08 09:09:34 2001
. 0-0.
@120. NtRte RecvTask MsgText and ii --at Thu Mar 08 09:09:34 2001
. 0-0.
@132. NtRte RecvTask -SendMsg() to Destination-at Thu Mar 08 09:09:34 2001
. 0-0.
@135. NtRte end loop -RcvTask-at Thu Mar 08 09:09:34 2001
. 0-0.
@93. NtRte start loop -RcvTask processing message-at Thu Mar 08 09:09:34 2001
. 0-0.
@104. NtRte Recv  -src=ANY-KWSERV1, dest=CHKAUTH-SPSWRK6-at Thu Mar 08 09:10:26 2001
. 0-0.
@120. NtRte RecvTask MsgText and ii --at Thu Mar 08 09:10:26 2001
. 0-0.
@132. NtRte RecvTask -SendMsg() to Destination-at Thu Mar 08 09:10:26 2001
. 0-0.
@135. NtRte end loop -RcvTask-at Thu Mar 08 09:10:26 2001
. 0-0.
@93. NtRte start loop -RcvTask processing message-at Thu Mar 08 09:10:26 2001
. 0-0.
@286. NtRte  -DoApplicationMsg-at Thu Mar 08 09:10:26 2001
. 0-0.
@312. NtRte Send  -src=ANY-KWSERV1, dest=ManageDB-SPSWRK6-at Thu Mar 08 09:10:26 2001
. 502-0.
@322. NtRte  -SendTo End-at Thu Mar 08 09:10:26 2001
. 0-0.
@104. NtRte Recv  -src=ANY-KWSERV1, dest=ManageDB-SPSWRK6-at Thu Mar 08 09:10:26 2001
. 0-0.
@120. NtRte RecvTask MsgText and ii --at Thu Mar 08 09:10:26 2001
. 0-0.
@132. NtRte RecvTask -SendMsg() to Destination-at Thu Mar 08 09:10:26 2001
. 0-0.
@135. NtRte end loop -RcvTask-at Thu Mar 08 09:10:26 2001
. 0-0.
@93. NtRte start loop -RcvTask processing message-at Thu Mar 08 09:10:26 2001
. 0-0.
@104. NtRte Recv  -src=ANY-KWSERV1, dest=CHKAUTH-SPSWRK6-at Thu Mar 08 09:10:54 2001
. 0-0.
@120. NtRte RecvTask MsgText and ii --at Thu Mar 08 09:10:54 2001
. 0-0.
@132. NtRte RecvTask -SendMsg() to Destination-at Thu Mar 08 09:10:54 2001
. 0-0.
@135. NtRte end loop -RcvTask-at Thu Mar 08 09:10:54 2001
. 0-0.
@93. NtRte start loop -RcvTask processing message-at Thu Mar 08 09:10:54 2001
. 0-0.
@286. NtRte  -DoApplicationMsg-at Thu Mar 08 09:10:54 2001
. 0-0.
@312. NtRte Send  -src=ANY-KWSERV1, dest=ManageDB-SPSWRK6-at Thu Mar 08 09:10:54 2001
. 289-0.
@322. NtRte  -SendTo End-at Thu Mar 08 09:10:54 2001
. 0-0.
@104. NtRte Recv  -src=ANY-KWSERV1, dest=ManageDB-SPSWRK6-at Thu Mar 08 09:10:54 2001
. 0-0.
@120. NtRte RecvTask MsgText and ii --at Thu Mar 08 09:10:54 2001
. 0-0.
@132. NtRte RecvTask -SendMsg() to Destination-at Thu Mar 08 09:10:54 2001
. 0-0.
@135. NtRte end loop -RcvTask-at Thu Mar 08 09:10:54 2001
. 0-0.
@93. NtRte start loop -RcvTask processing message-at Thu Mar 08 09:10:54 2001
. 0-0.
@104. NtRte Recv  -src=ANY-KWSERV1, dest=CHKAUTH-SPSWRK6-at Thu Mar 08 09:12:17 2001
. 0-0.
@120. NtRte RecvTask MsgText and ii --at Thu Mar 08 09:12:17 2001
. 0-0.
@132. NtRte RecvTask -SendMsg() to Destination-at Thu Mar 08 09:12:17 2001
. 0-0.
@135. NtRte end loop -RcvTask-at Thu Mar 08 09:12:17 2001
. 0-0.
@93. NtRte start loop -RcvTask processing message-at Thu Mar 08 09:12:17 2001
. 0-0.
@286. NtRte  -DoApplicationMsg-at Thu Mar 08 09:12:17 2001
. 0-0.
@312. NtRte Send  -src=ANY-KWSERV1, dest=ManageDB-SPSWRK6-at Thu Mar 08 09:12:17 2001
. 289-0.
@322. NtRte  -SendTo End-at Thu Mar 08 09:12:17 2001
. 0-0.
@104. NtRte Recv  -src=ANY-KWSERV1, dest=ManageDB-SPSWRK6-at Thu Mar 08 09:12:17 2001
. 0-0.
@120. NtRte RecvTask MsgText and ii --at Thu Mar 08 09:12:17 2001
. 0-0.
@132. NtRte RecvTask -SendMsg() to Destination-at Thu Mar 08 09:12:17 2001
. 0-0.
@135. NtRte end loop -RcvTask-at Thu Mar 08 09:12:17 2001
. 0-0.
@93. NtRte start loop -RcvTask processing message-at Thu Mar 08 09:12:17 2001
. 0-0.
@286. NtRte  -DoApplicationMsg-at Thu Mar 08 09:12:17 2001
. 0-0.
@312. NtRte Send  -src=POSAUTH-SPSWRK6, dest=ManageDB-SPSWRK6-at Thu Mar 08 09:12:17 2001
. 62-0.
@322. NtRte  -SendTo End-at Thu Mar 08 09:12:17 2001
. 0-0.
@104. NtRte Recv  -src=POSAUTH-SPSWRK6, dest=ManageDB-SPSWRK6-at Thu Mar 08 09:12:17 2001
. 0-0.
@120. NtRte RecvTask MsgText and ii --at Thu Mar 08 09:12:17 2001
. 0-0.
@132. NtRte RecvTask -SendMsg() to Destination-at Thu Mar 08 09:12:17 2001
. 0-0.
@135. NtRte end loop -RcvTask-at Thu Mar 08 09:12:17 2001
. 0-0.
@93. NtRte start loop -RcvTask processing message-at Thu Mar 08 09:12:17 2001
. 0-0.
@286. NtRte  -DoApplicationMsg-at Thu Mar 08 09:12:17 2001
. 0-0.
@312. NtRte Send  -src=ANY-KWSERV1, dest=ANY-KWSERV1-at Thu Mar 08 09:12:17 2001
. 1738-0.
@322. NtRte  -SendTo End-at Thu Mar 08 09:12:17 2001
. 0-0.
@104. NtRte Recv  -src=ANY-KWSERV1, dest=CHKAUTH-SPSWRK6-at Thu Mar 08 09:12:49 2001
. 0-0.
@120. NtRte RecvTask MsgText and ii --at Thu Mar 08 09:12:49 2001
. 0-0.
@132. NtRte RecvTask -SendMsg() to Destination-at Thu Mar 08 09:12:49 2001
. 0-0.
@135. NtRte end loop -RcvTask-at Thu Mar 08 09:12:49 2001
. 0-0.
@93. NtRte start loop -RcvTask processing message-at Thu Mar 08 09:12:49 2001
. 0-0.
@286. NtRte  -DoApplicationMsg-at Thu Mar 08 09:12:49 2001
. 0-0.
@312. NtRte Send  -src=ANY-KWSERV1, dest=ManageDB-SPSWRK6-at Thu Mar 08 09:12:49 2001
. 265-0.
@322. NtRte  -SendTo End-at Thu Mar 08 09:12:49 2001
. 0-0.
@104. NtRte Recv  -src=ANY-KWSERV1, dest=ManageDB-SPSWRK6-at Thu Mar 08 09:12:49 2001
. 0-0.
@120. NtRte RecvTask MsgText and ii --at Thu Mar 08 09:12:49 2001
. 0-0.
@132. NtRte RecvTask -SendMsg() to Destination-at Thu Mar 08 09:12:49 2001
. 0-0.
@135. NtRte end loop -RcvTask-at Thu Mar 08 09:12:49 2001
. 0-0.
@93. NtRte start loop -RcvTask processing message-at Thu Mar 08 09:12:49 2001
. 0-0.
@286. NtRte  -DoApplicationMsg-at Thu Mar 08 09:12:49 2001
. 0-0.
@312. NtRte Send  -src=POSAUTH-SPSWRK6, dest=ManageDB-SPSWRK6-at Thu Mar 08 09:12:49 2001
. 62-0.
@322. NtRte  -SendTo End-at Thu Mar 08 09:12:49 2001
. 0-0.
@104. NtRte Recv  -src=POSAUTH-SPSWRK6, dest=ManageDB-SPSWRK6-at Thu Mar 08 09:12:49 2001
. 0-0.
@120. NtRte RecvTask MsgText and ii --at Thu Mar 08 09:12:49 2001
. 0-0.
@132. NtRte RecvTask -SendMsg() to Destination-at Thu Mar 08 09:12:49 2001
. 0-0.
@135. NtRte end loop -RcvTask-at Thu Mar 08 09:12:49 2001
. 0-0.
@93. NtRte start loop -RcvTask processing message-at Thu Mar 08 09:12:49 2001
. 0-0.
@286. NtRte  -DoApplicationMsg-at Thu Mar 08 09:12:49 2001
. 0-0.
@312. NtRte Send  -src=ANY-KWSERV1, dest=ANY-KWSERV1-at Thu Mar 08 09:12:49 2001
. 1710-0.
@322. NtRte  -SendTo End-at Thu Mar 08 09:12:49 2001
. 0-0.
@104. NtRte Recv  -src=ANY-KWSERV1, dest=CHKAUTH-SPSWRK6-at Thu Mar 08 09:14:05 2001
. 0-0.
@120. NtRte RecvTask MsgText and ii --at Thu Mar 08 09:14:05 2001
. 0-0.
@132. NtRte RecvTask -SendMsg() to Destination-at Thu Mar 08 09:14:05 2001
. 0-0.
@135. NtRte end loop -RcvTask-at Thu Mar 08 09:14:05 2001
. 0-0.
@93. NtRte start loop -RcvTask processing message-at Thu Mar 08 09:14:05 2001
. 0-0.
@286. NtRte  -DoApplicationMsg-at Thu Mar 08 09:14:05 2001
. 0-0.
@312. NtRte Send  -src=ANY-KWSERV1, dest=ManageDB-SPSWRK6-at Thu Mar 08 09:14:05 2001
. 1531-0.
@322. NtRte  -SendTo End-at Thu Mar 08 09:14:05 2001
. 0-0.
@104. NtRte Recv  -src=ANY-KWSERV1, dest=ManageDB-SPSWRK6-at Thu Mar 08 09:14:05 2001
. 0-0.
@120. NtRte RecvTask MsgText and ii --at Thu Mar 08 09:14:05 2001
. 0-0.
@132. NtRte RecvTask -SendMsg() to Destination-at Thu Mar 08 09:14:05 2001
. 0-0.
@135. NtRte end loop -RcvTask-at Thu Mar 08 09:14:05 2001
. 0-0.
@93. NtRte start loop -RcvTask processing message-at Thu Mar 08 09:14:05 2001
. 0-0.
@286. NtRte  -DoApplicationMsg-at Thu Mar 08 09:14:05 2001
. 0-0.
@312. NtRte Send  -src=POSAUTH-SPSWRK6, dest=ManageDB-SPSWRK6-at Thu Mar 08 09:14:05 2001
. 62-0.
@322. NtRte  -SendTo End-at Thu Mar 08 09:14:05 2001
. 0-0.
@104. NtRte Recv  -src=POSAUTH-SPSWRK6, dest=ManageDB-SPSWRK6-at Thu Mar 08 09:14:05 2001
. 0-0.
@120. NtRte RecvTask MsgText and ii --at Thu Mar 08 09:14:05 2001
. 0-0.
@132. NtRte RecvTask -SendMsg() to Destination-at Thu Mar 08 09:14:05 2001
. 0-0.
@135. NtRte end loop -RcvTask-at Thu Mar 08 09:14:05 2001
. 0-0.
@93. NtRte start loop -RcvTask processing message-at Thu Mar 08 09:14:05 2001
. 0-0.
@286. NtRte  -DoApplicationMsg-at Thu Mar 08 09:14:05 2001
. 0-0.
@312. NtRte Send  -src=ANY-KWSERV1, dest=ANY-KWSERV1-at Thu Mar 08 09:14:05 2001
. 2976-0.
@322. NtRte  -SendTo End-at Thu Mar 08 09:14:05 2001
. 0-0.
@104. NtRte Recv  -src=ANY-KWSERV1, dest=CHKAUTH-SPSWRK6-at Thu Mar 08 09:14:34 2001
. 0-0.
@120. NtRte RecvTask MsgText and ii --at Thu Mar 08 09:14:34 2001
. 0-0.
@132. NtRte RecvTask -SendMsg() to Destination-at Thu Mar 08 09:14:34 2001
. 0-0.
@135. NtRte end loop -RcvTask-at Thu Mar 08 09:14:34 2001
. 0-0.
@93. NtRte start loop -RcvTask processing message-at Thu Mar 08 09:14:34 2001
. 0-0.
@286. NtRte  -DoApplicationMsg-at Thu Mar 08 09:14:34 2001
. 0-0.
@312. NtRte Send  -src=ANY-KWSERV1, dest=ManageDB-SPSWRK6-at Thu Mar 08 09:14:34 2001
. 283-0.
@322. NtRte  -SendTo End-at Thu Mar 08 09:14:34 2001
. 0-0.
@104. NtRte Recv  -src=ANY-KWSERV1, dest=ManageDB-SPSWRK6-at Thu Mar 08 09:14:34 2001
. 0-0.
@120. NtRte RecvTask MsgText and ii --at Thu Mar 08 09:14:34 2001
. 0-0.
@132. NtRte RecvTask -SendMsg() to Destination-at Thu Mar 08 09:14:34 2001
. 0-0.
@135. NtRte end loop -RcvTask-at Thu Mar 08 09:14:34 2001
. 0-0.
@93. NtRte start loop -RcvTask processing message-at Thu Mar 08 09:14:34 2001
. 0-0.
@286. NtRte  -DoApplicationMsg-at Thu Mar 08 09:14:34 2001
. 0-0.
@312. NtRte Send  -src=POSAUTH-SPSWRK6, dest=ManageDB-SPSWRK6-at Thu Mar 08 09:14:34 2001
. 62-0.
@322. NtRte  -SendTo End-at Thu Mar 08 09:14:34 2001
. 0-0.
@104. NtRte Recv  -src=POSAUTH-SPSWRK6, dest=ManageDB-SPSWRK6-at Thu Mar 08 09:14:34 2001
. 0-0.
@120. NtRte RecvTask MsgText and ii --at Thu Mar 08 09:14:34 2001
. 0-0.
@132. NtRte RecvTask -SendMsg() to Destination-at Thu Mar 08 09:14:34 2001
. 0-0.
@135. NtRte end loop -RcvTask-at Thu Mar 08 09:14:34 2001
. 0-0.
@93. NtRte start loop -RcvTask processing message-at Thu Mar 08 09:14:34 2001
. 0-0.
@286. NtRte  -DoApplicationMsg-at Thu Mar 08 09:14:34 2001
. 0-0.
@312. NtRte Send  -src=ANY-KWSERV1, dest=ANY-KWSERV1-at Thu Mar 08 09:14:34 2001
. 1725-0.
@322. NtRte  -SendTo End-at Thu Mar 08 09:14:34 2001
. 0-0.
@104. NtRte Recv  -src=ANY-KWSERV1, dest=CHKAUTH-SPSWRK6-at Thu Mar 08 09:14:36 2001
. 0-0.
@120. NtRte RecvTask MsgText and ii --at Thu Mar 08 09:14:36 2001
. 0-0.
@132. NtRte RecvTask -SendMsg() to Destination-at Thu Mar 08 09:14:36 2001
. 0-0.
@135. NtRte end loop -RcvTask-at Thu Mar 08 09:14:36 2001
. 0-0.
@93. NtRte start loop -RcvTask processing message-at Thu Mar 08 09:14:36 2001
. 0-0.
@286. NtRte  -DoApplicationMsg-at Thu Mar 08 09:14:36 2001
. 0-0.
@312. NtRte Send  -src=ANY-KWSERV1, dest=ManageDB-SPSWRK6-at Thu Mar 08 09:14:36 2001
. 281-0.
@322. NtRte  -SendTo End-at Thu Mar 08 09:14:36 2001
. 0-0.
@104. NtRte Recv  -src=ANY-KWSERV1, dest=ManageDB-SPSWRK6-at Thu Mar 08 09:14:36 2001
. 0-0.
@120. NtRte RecvTask MsgText and ii --at Thu Mar 08 09:14:36 2001
. 0-0.
@132. NtRte RecvTask -SendMsg() to Destination-at Thu Mar 08 09:14:36 2001
. 0-0.
@135. NtRte end loop -RcvTask-at Thu Mar 08 09:14:36 2001
. 0-0.
@93. NtRte start loop -RcvTask processing message-at Thu Mar 08 09:14:36 2001
. 0-0.
@286. NtRte  -DoApplicationMsg-at Thu Mar 08 09:14:36 2001
. 0-0.
@312. NtRte Send  -src=POSAUTH-SPSWRK6, dest=ManageDB-SPSWRK6-at Thu Mar 08 09:14:36 2001
. 62-0.
@322. NtRte  -SendTo End-at Thu Mar 08 09:14:36 2001
. 0-0.
@104. NtRte Recv  -src=POSAUTH-SPSWRK6, dest=ManageDB-SPSWRK6-at Thu Mar 08 09:14:36 2001
. 0-0.
@120. NtRte RecvTask MsgText and ii --at Thu Mar 08 09:14:36 2001
. 0-0.
@132. NtRte RecvTask -SendMsg() to Destination-at Thu Mar 08 09:14:36 2001
. 0-0.
@135. NtRte end loop -RcvTask-at Thu Mar 08 09:14:36 2001
. 0-0.
@93. NtRte start loop -RcvTask processing message-at Thu Mar 08 09:14:36 2001
. 0-0.
@286. NtRte  -DoApplicationMsg-at Thu Mar 08 09:14:36 2001
. 0-0.
@312. NtRte Send  -src=ANY-KWSERV1, dest=ANY-KWSERV1-at Thu Mar 08 09:14:36 2001
. 1723-0.
@322. NtRte  -SendTo End-at Thu Mar 08 09:14:36 2001
. 0-0.
@104. NtRte Recv  -src=SPSMAN-SPSWRK8, dest=MANAGEDB-SPSWRK6-at Thu Mar 08 09:15:08 2001
. 0-0.
@120. NtRte RecvTask MsgText and ii --at Thu Mar 08 09:15:08 2001
. 0-0.
@132. NtRte RecvTask -SendMsg() to Destination-at Thu Mar 08 09:15:08 2001
. 0-0.
@135. NtRte end loop -RcvTask-at Thu Mar 08 09:15:08 2001
. 0-0.
@93. NtRte start loop -RcvTask processing message-at Thu Mar 08 09:15:08 2001
. 0-0.
@286. NtRte  -DoApplicationMsg-at Thu Mar 08 09:15:08 2001
. 0-0.
@312. NtRte Send  -src=SPSMAN-SPSWRK8, dest=SPSMAN-SPSWRK8-at Thu Mar 08 09:15:08 2001
. 308-0.
@322. NtRte  -SendTo End-at Thu Mar 08 09:15:08 2001
. 0-0.
@104. NtRte Recv  -src=SPSMAN-SPSWRK8, dest=MANAGEDB-SPSWRK6-at Thu Mar 08 09:15:09 2001
. 0-0.
@120. NtRte RecvTask MsgText and ii --at Thu Mar 08 09:15:09 2001
. 0-0.
@132. NtRte RecvTask -SendMsg() to Destination-at Thu Mar 08 09:15:09 2001
. 0-0.
@135. NtRte end loop -RcvTask-at Thu Mar 08 09:15:09 2001
. 0-0.
@93. NtRte start loop -RcvTask processing message-at Thu Mar 08 09:15:09 2001
. 0-0.
@286. NtRte  -DoApplicationMsg-at Thu Mar 08 09:15:09 2001
. 0-0.
@312. NtRte Send  -src=SPSMAN-SPSWRK8, dest=SPSMAN-SPSWRK8-at Thu Mar 08 09:15:09 2001
. 1746-0.
@322. NtRte  -SendTo End-at Thu Mar 08 09:15:09 2001
. 0-0.
@104. NtRte Recv  -src=SPSMAN-SPSWRK8, dest=MANAGEDB-SPSWRK6-at Thu Mar 08 09:15:09 2001
. 0-0.
@120. NtRte RecvTask MsgText and ii --at Thu Mar 08 09:15:09 2001
. 0-0.
@132. NtRte RecvTask -SendMsg() to Destination-at Thu Mar 08 09:15:09 2001
. 0-0.
@135. NtRte end loop -RcvTask-at Thu Mar 08 09:15:09 2001
. 0-0.
@93. NtRte start loop -RcvTask processing message-at Thu Mar 08 09:15:09 2001
. 0-0.
@286. NtRte  -DoApplicationMsg-at Thu Mar 08 09:15:09 2001
. 0-0.
@312. NtRte Send  -src=SPSMAN-SPSWRK8, dest=SPSMAN-SPSWRK8-at Thu Mar 08 09:15:09 2001
. 113-0.
@322. NtRte  -SendTo End-at Thu Mar 08 09:15:09 2001
. 0-0.
@104. NtRte Recv  -src=SPSMAN-SPSWRK8, dest=MANAGEDB-SPSWRK6-at Thu Mar 08 09:15:09 2001
. 0-0.
@120. NtRte RecvTask MsgText and ii --at Thu Mar 08 09:15:09 2001
. 0-0.
@132. NtRte RecvTask -SendMsg() to Destination-at Thu Mar 08 09:15:09 2001
. 0-0.
@135. NtRte end loop -RcvTask-at Thu Mar 08 09:15:09 2001
. 0-0.
@93. NtRte start loop -RcvTask processing message-at Thu Mar 08 09:15:09 2001
. 0-0.
@286. NtRte  -DoApplicationMsg-at Thu Mar 08 09:15:09 2001
. 0-0.
@312. NtRte Send  -src=SPSMAN-SPSWRK8, dest=SPSMAN-SPSWRK8-at Thu Mar 08 09:15:09 2001
. 1322-0.
@322. NtRte  -SendTo End-at Thu Mar 08 09:15:09 2001
. 0-0.
@104. NtRte Recv  -src=SPSMAN-SPSWRK8, dest=MANAGEDB-SPSWRK6-at Thu Mar 08 09:15:09 2001
. 0-0.
@120. NtRte RecvTask MsgText and ii --at Thu Mar 08 09:15:09 2001
. 0-0.
@132. NtRte RecvTask -SendMsg() to Destination-at Thu Mar 08 09:15:09 2001
. 0-0.
@135. NtRte end loop -RcvTask-at Thu Mar 08 09:15:09 2001
. 0-0.
@93. NtRte start loop -RcvTask processing message-at Thu Mar 08 09:15:09 2001
. 0-0.
@286. NtRte  -DoApplicationMsg-at Thu Mar 08 09:15:09 2001
. 0-0.
@312. NtRte Send  -src=SPSMAN-SPSWRK8, dest=SPSMAN-SPSWRK8-at Thu Mar 08 09:15:09 2001
. 189-0.
@322. NtRte  -SendTo End-at Thu Mar 08 09:15:09 2001
. 0-0.
@104. NtRte Recv  -src=SPSMAN-SPSWRK8, dest=MANAGEDB-SPSWRK6-at Thu Mar 08 09:15:09 2001
. 0-0.
@120. NtRte RecvTask MsgText and ii --at Thu Mar 08 09:15:09 2001
. 0-0.
@132. NtRte RecvTask -SendMsg() to Destination-at Thu Mar 08 09:15:09 2001
. 0-0.
@135. NtRte end loop -RcvTask-at Thu Mar 08 09:15:09 2001
. 0-0.
@93. NtRte start loop -RcvTask processing message-at Thu Mar 08 09:15:09 2001
. 0-0.
@286. NtRte  -DoApplicationMsg-at Thu Mar 08 09:15:09 2001
. 0-0.
@312. NtRte Send  -src=SPSMAN-SPSWRK8, dest=SPSMAN-SPSWRK8-at Thu Mar 08 09:15:09 2001
. 154-0.
@322. NtRte  -SendTo End-at Thu Mar 08 09:15:09 2001
. 0-0.
@104. NtRte Recv  -src=SPSMAN-SPSWRK8, dest=MANAGEDB-SPSWRK6-at Thu Mar 08 09:15:09 2001
. 0-0.
@120. NtRte RecvTask MsgText and ii --at Thu Mar 08 09:15:09 2001
. 0-0.
@132. NtRte RecvTask -SendMsg() to Destination-at Thu Mar 08 09:15:09 2001
. 0-0.
@135. NtRte end loop -RcvTask-at Thu Mar 08 09:15:09 2001
. 0-0.
@93. NtRte start loop -RcvTask processing message-at Thu Mar 08 09:15:09 2001
. 0-0.
@286. NtRte  -DoApplicationMsg-at Thu Mar 08 09:15:09 2001
. 0-0.
@312. NtRte Send  -src=SPSMAN-SPSWRK8, dest=SPSMAN-SPSWRK8-at Thu Mar 08 09:15:09 2001
. 698-0.
@322. NtRte  -SendTo End-at Thu Mar 08 09:15:09 2001
. 0-0.
@104. NtRte Recv  -src=ANY-KWSERV1, dest=CHKAUTH-SPSWRK6-at Thu Mar 08 09:15:10 2001
. 0-0.
@120. NtRte RecvTask MsgText and ii --at Thu Mar 08 09:15:10 2001
. 0-0.
@132. NtRte RecvTask -SendMsg() to Destination-at Thu Mar 08 09:15:10 2001
. 0-0.
@135. NtRte end loop -RcvTask-at Thu Mar 08 09:15:10 2001
. 0-0.
@93. NtRte start loop -RcvTask processing message-at Thu Mar 08 09:15:10 2001
. 0-0.
@286. NtRte  -DoApplicationMsg-at Thu Mar 08 09:15:10 2001
. 0-0.
@312. NtRte Send  -src=ANY-KWSERV1, dest=ManageDB-SPSWRK6-at Thu Mar 08 09:15:10 2001
. 311-0.
@322. NtRte  -SendTo End-at Thu Mar 08 09:15:10 2001
. 0-0.
@104. NtRte Recv  -src=ANY-KWSERV1, dest=ManageDB-SPSWRK6-at Thu Mar 08 09:15:10 2001
. 0-0.
@120. NtRte RecvTask MsgText and ii --at Thu Mar 08 09:15:10 2001
. 0-0.
@132. NtRte RecvTask -SendMsg() to Destination-at Thu Mar 08 09:15:10 2001
. 0-0.
@135. NtRte end loop -RcvTask-at Thu Mar 08 09:15:10 2001
. 0-0.
@93. NtRte start loop -RcvTask processing message-at Thu Mar 08 09:15:10 2001
. 0-0.
@286. NtRte  -DoApplicationMsg-at Thu Mar 08 09:15:10 2001
. 0-0.
@312. NtRte Send  -src=POSAUTH-SPSWRK6, dest=ManageDB-SPSWRK6-at Thu Mar 08 09:15:10 2001
. 62-0.
@322. NtRte  -SendTo End-at Thu Mar 08 09:15:10 2001
. 0-0.
@104. NtRte Recv  -src=POSAUTH-SPSWRK6, dest=ManageDB-SPSWRK6-at Thu Mar 08 09:15:10 2001
. 0-0.
@120. NtRte RecvTask MsgText and ii --at Thu Mar 08 09:15:10 2001
. 0-0.
@132. NtRte RecvTask -SendMsg() to Destination-at Thu Mar 08 09:15:10 2001
. 0-0.
@135. NtRte end loop -RcvTask-at Thu Mar 08 09:15:10 2001
. 0-0.
@93. NtRte start loop -RcvTask processing message-at Thu Mar 08 09:15:10 2001
. 0-0.
@286. NtRte  -DoApplicationMsg-at Thu Mar 08 09:15:10 2001
. 0-0.
@312. NtRte Send  -src=ANY-KWSERV1, dest=ANY-KWSERV1-at Thu Mar 08 09:15:10 2001
. 1760-0.
@322. NtRte  -SendTo End-at Thu Mar 08 09:15:10 2001
. 0-0.
@104. NtRte Recv  -src=ANY-KWSERV1, dest=CHKAUTH-SPSWRK6-at Thu Mar 08 09:15:16 2001
. 0-0.
@120. NtRte RecvTask MsgText and ii --at Thu Mar 08 09:15:16 2001
. 0-0.
@132. NtRte RecvTask -SendMsg() to Destination-at Thu Mar 08 09:15:16 2001
. 0-0.
@135. NtRte end loop -RcvTask-at Thu Mar 08 09:15:16 2001
. 0-0.
@93. NtRte start loop -RcvTask processing message-at Thu Mar 08 09:15:16 2001
. 0-0.
@286. NtRte  -DoApplicationMsg-at Thu Mar 08 09:15:16 2001
. 0-0.
@312. NtRte Send  -src=ANY-KWSERV1, dest=ManageDB-SPSWRK6-at Thu Mar 08 09:15:16 2001
. 399-0.
@322. NtRte  -SendTo End-at Thu Mar 08 09:15:16 2001
. 0-0.
@104. NtRte Recv  -src=ANY-KWSERV1, dest=ManageDB-SPSWRK6-at Thu Mar 08 09:15:16 2001
. 0-0.
@120. NtRte RecvTask MsgText and ii --at Thu Mar 08 09:15:16 2001
. 0-0.
@132. NtRte RecvTask -SendMsg() to Destination-at Thu Mar 08 09:15:16 2001
. 0-0.
@135. NtRte end loop -RcvTask-at Thu Mar 08 09:15:16 2001
. 0-0.
@93. NtRte start loop -RcvTask processing message-at Thu Mar 08 09:15:16 2001
. 0-0.
@286. NtRte  -DoApplicationMsg-at Thu Mar 08 09:15:16 2001
. 0-0.
@312. NtRte Send  -src=POSAUTH-SPSWRK6, dest=ManageDB-SPSWRK6-at Thu Mar 08 09:15:16 2001
. 62-0.
@322. NtRte  -SendTo End-at Thu Mar 08 09:15:16 2001
. 0-0.
@104. NtRte Recv  -src=POSAUTH-SPSWRK6, dest=ManageDB-SPSWRK6-at Thu Mar 08 09:15:16 2001
. 0-0.
@120. NtRte RecvTask MsgText and ii --at Thu Mar 08 09:15:16 2001
. 0-0.
@132. NtRte RecvTask -SendMsg() to Destination-at Thu Mar 08 09:15:16 2001
. 0-0.
@135. NtRte end loop -RcvTask-at Thu Mar 08 09:15:16 2001
. 0-0.
@93. NtRte start loop -RcvTask processing message-at Thu Mar 08 09:15:16 2001
. 0-0.
@286. NtRte  -DoApplicationMsg-at Thu Mar 08 09:15:16 2001
. 0-0.
@312. NtRte Send  -src=ANY-KWSERV1, dest=ANY-KWSERV1-at Thu Mar 08 09:15:16 2001
. 1841-0.
@322. NtRte  -SendTo End-at Thu Mar 08 09:15:16 2001
. 0-0.
@104. NtRte Recv  -src=ANY-KWSERV1, dest=CHKAUTH-SPSWRK6-at Thu Mar 08 09:15:25 2001
. 0-0.
@120. NtRte RecvTask MsgText and ii --at Thu Mar 08 09:15:25 2001
. 0-0.
@132. NtRte RecvTask -SendMsg() to Destination-at Thu Mar 08 09:15:25 2001
. 0-0.
@135. NtRte end loop -RcvTask-at Thu Mar 08 09:15:25 2001
. 0-0.
@93. NtRte start loop -RcvTask processing message-at Thu Mar 08 09:15:25 2001
. 0-0.
@286. NtRte  -DoApplicationMsg-at Thu Mar 08 09:15:25 2001
. 0-0.
@312. NtRte Send  -src=ANY-KWSERV1, dest=ManageDB-SPSWRK6-at Thu Mar 08 09:15:25 2001
. 282-0.
@322. NtRte  -SendTo End-at Thu Mar 08 09:15:25 2001
. 0-0.
@104. NtRte Recv  -src=ANY-KWSERV1, dest=ManageDB-SPSWRK6-at Thu Mar 08 09:15:25 2001
. 0-0.
@120. NtRte RecvTask MsgText and ii --at Thu Mar 08 09:15:25 2001
. 0-0.
@132. NtRte RecvTask -SendMsg() to Destination-at Thu Mar 08 09:15:25 2001
. 0-0.
@135. NtRte end loop -RcvTask-at Thu Mar 08 09:15:25 2001
. 0-0.
@93. NtRte start loop -RcvTask processing message-at Thu Mar 08 09:15:25 2001
. 0-0.
@286. NtRte  -DoApplicationMsg-at Thu Mar 08 09:15:25 2001
. 0-0.
@312. NtRte Send  -src=POSAUTH-SPSWRK6, dest=ManageDB-SPSWRK6-at Thu Mar 08 09:15:25 2001
. 62-0.
@322. NtRte  -SendTo End-at Thu Mar 08 09:15:25 2001
. 0-0.
@104. NtRte Recv  -src=POSAUTH-SPSWRK6, dest=ManageDB-SPSWRK6-at Thu Mar 08 09:15:25 2001
. 0-0.
@120. NtRte RecvTask MsgText and ii --at Thu Mar 08 09:15:25 2001
. 0-0.
@132. NtRte RecvTask -SendMsg() to Destination-at Thu Mar 08 09:15:25 2001
. 0-0.
@135. NtRte end loop -RcvTask-at Thu Mar 08 09:15:25 2001
. 0-0.
@93. NtRte start loop -RcvTask processing message-at Thu Mar 08 09:15:25 2001
. 0-0.
@286. NtRte  -DoApplicationMsg-at Thu Mar 08 09:15:25 2001
. 0-0.
@312. NtRte Send  -src=ANY-KWSERV1, dest=ANY-KWSERV1-at Thu Mar 08 09:15:25 2001
. 1727-0.
@322. NtRte  -SendTo End-at Thu Mar 08 09:15:25 2001
. 0-0.
@104. NtRte Recv  -src=SPSMAN-SPSWRK8, dest=MANAGEDB-SPSWRK6-at Thu Mar 08 09:15:26 2001
. 0-0.
@120. NtRte RecvTask MsgText and ii --at Thu Mar 08 09:15:26 2001
. 0-0.
@132. NtRte RecvTask -SendMsg() to Destination-at Thu Mar 08 09:15:26 2001
. 0-0.
@135. NtRte end loop -RcvTask-at Thu Mar 08 09:15:26 2001
. 0-0.
@93. NtRte start loop -RcvTask processing message-at Thu Mar 08 09:15:26 2001
. 0-0.
@286. NtRte  -DoApplicationMsg-at Thu Mar 08 09:15:26 2001
. 0-0.
@312. NtRte Send  -src=SPSMAN-SPSWRK8, dest=SPSMAN-SPSWRK8-at Thu Mar 08 09:15:26 2001
. 62-0.
@322. NtRte  -SendTo End-at Thu Mar 08 09:15:26 2001
. 0-0.
@104. NtRte Recv  -src=ANY-KWSERV1, dest=CHKAUTH-SPSWRK6-at Thu Mar 08 09:15:28 2001
. 0-0.
@120. NtRte RecvTask MsgText and ii --at Thu Mar 08 09:15:28 2001
. 0-0.
@132. NtRte RecvTask -SendMsg() to Destination-at Thu Mar 08 09:15:28 2001
. 0-0.
@135. NtRte end loop -RcvTask-at Thu Mar 08 09:15:28 2001
. 0-0.
@93. NtRte start loop -RcvTask processing message-at Thu Mar 08 09:15:28 2001
. 0-0.
@286. NtRte  -DoApplicationMsg-at Thu Mar 08 09:15:28 2001
. 0-0.
@312. NtRte Send  -src=ANY-KWSERV1, dest=ManageDB-SPSWRK6-at Thu Mar 08 09:15:28 2001
. 378-0.
@322. NtRte  -SendTo End-at Thu Mar 08 09:15:28 2001
. 0-0.
@104. NtRte Recv  -src=ANY-KWSERV1, dest=ManageDB-SPSWRK6-at Thu Mar 08 09:15:28 2001
. 0-0.
@120. NtRte RecvTask MsgText and ii --at Thu Mar 08 09:15:28 2001
. 0-0.
@132. NtRte RecvTask -SendMsg() to Destination-at Thu Mar 08 09:15:28 2001
. 0-0.
@135. NtRte end loop -RcvTask-at Thu Mar 08 09:15:28 2001
. 0-0.
@93. NtRte start loop -RcvTask processing message-at Thu Mar 08 09:15:28 2001
. 0-0.
@286. NtRte  -DoApplicationMsg-at Thu Mar 08 09:15:28 2001
. 0-0.
@312. NtRte Send  -src=POSAUTH-SPSWRK6, dest=ManageDB-SPSWRK6-at Thu Mar 08 09:15:28 2001
. 62-0.
@322. NtRte  -SendTo End-at Thu Mar 08 09:15:28 2001
. 0-0.
@104. NtRte Recv  -src=POSAUTH-SPSWRK6, dest=ManageDB-SPSWRK6-at Thu Mar 08 09:15:28 2001
. 0-0.
@120. NtRte RecvTask MsgText and ii --at Thu Mar 08 09:15:28 2001
. 0-0.
@132. NtRte RecvTask -SendMsg() to Destination-at Thu Mar 08 09:15:28 2001
. 0-0.
@135. NtRte end loop -RcvTask-at Thu Mar 08 09:15:28 2001
. 0-0.
@93. NtRte start loop -RcvTask processing message-at Thu Mar 08 09:15:28 2001
. 0-0.
@286. NtRte  -DoApplicationMsg-at Thu Mar 08 09:15:28 2001
. 0-0.
@312. NtRte Send  -src=ANY-KWSERV1, dest=ANY-KWSERV1-at Thu Mar 08 09:15:28 2001
. 1823-0.
@322. NtRte  -SendTo End-at Thu Mar 08 09:15:28 2001
. 0-0.
@104. NtRte Recv  -src=SPSMAN-SPSWRK8, dest=MANAGEDB-SPSWRK6-at Thu Mar 08 09:15:32 2001
. 0-0.
@120. NtRte RecvTask MsgText and ii --at Thu Mar 08 09:15:32 2001
. 0-0.
@132. NtRte RecvTask -SendMsg() to Destination-at Thu Mar 08 09:15:32 2001
. 0-0.
@135. NtRte end loop -RcvTask-at Thu Mar 08 09:15:32 2001
. 0-0.
@93. NtRte start loop -RcvTask processing message-at Thu Mar 08 09:15:32 2001
. 0-0.
@286. NtRte  -DoApplicationMsg-at Thu Mar 08 09:15:32 2001
. 0-0.
@312. NtRte Send  -src=SPSMAN-SPSWRK8, dest=SPSMAN-SPSWRK8-at Thu Mar 08 09:15:32 2001
. 62-0.
@322. NtRte  -SendTo End-at Thu Mar 08 09:15:32 2001
. 0-0.
@104. NtRte Recv  -src=ANY-KWSERV1, dest=CHKAUTH-SPSWRK6-at Thu Mar 08 09:15:36 2001
. 0-0.
@120. NtRte RecvTask MsgText and ii --at Thu Mar 08 09:15:36 2001
. 0-0.
@132. NtRte RecvTask -SendMsg() to Destination-at Thu Mar 08 09:15:36 2001
. 0-0.
@135. NtRte end loop -RcvTask-at Thu Mar 08 09:15:36 2001
. 0-0.
@93. NtRte start loop -RcvTask processing message-at Thu Mar 08 09:15:36 2001
. 0-0.
@286. NtRte  -DoApplicationMsg-at Thu Mar 08 09:15:36 2001
. 0-0.
@312. NtRte Send  -src=ANY-KWSERV1, dest=ManageDB-SPSWRK6-at Thu Mar 08 09:15:36 2001
. 403-0.
@322. NtRte  -SendTo End-at Thu Mar 08 09:15:36 2001
. 0-0.
@104. NtRte Recv  -src=ANY-KWSERV1, dest=ManageDB-SPSWRK6-at Thu Mar 08 09:15:36 2001
. 0-0.
@120. NtRte RecvTask MsgText and ii --at Thu Mar 08 09:15:36 2001
. 0-0.
@132. NtRte RecvTask -SendMsg() to Destination-at Thu Mar 08 09:15:36 2001
. 0-0.
@135. NtRte end loop -RcvTask-at Thu Mar 08 09:15:36 2001
. 0-0.
@93. NtRte start loop -RcvTask processing message-at Thu Mar 08 09:15:36 2001
. 0-0.
@286. NtRte  -DoApplicationMsg-at Thu Mar 08 09:15:36 2001
. 0-0.
@312. NtRte Send  -src=POSAUTH-SPSWRK6, dest=ManageDB-SPSWRK6-at Thu Mar 08 09:15:36 2001
. 62-0.
@322. NtRte  -SendTo End-at Thu Mar 08 09:15:36 2001
. 0-0.
@104. NtRte Recv  -src=POSAUTH-SPSWRK6, dest=ManageDB-SPSWRK6-at Thu Mar 08 09:15:36 2001
. 0-0.
@120. NtRte RecvTask MsgText and ii --at Thu Mar 08 09:15:36 2001
. 0-0.
@132. NtRte RecvTask -SendMsg() to Destination-at Thu Mar 08 09:15:36 2001
. 0-0.
@135. NtRte end loop -RcvTask-at Thu Mar 08 09:15:36 2001
. 0-0.
@93. NtRte start loop -RcvTask processing message-at Thu Mar 08 09:15:36 2001
. 0-0.
@286. NtRte  -DoApplicationMsg-at Thu Mar 08 09:15:36 2001
. 0-0.
@312. NtRte Send  -src=ANY-KWSERV1, dest=ANY-KWSERV1-at Thu Mar 08 09:15:36 2001
. 2010-0.
@322. NtRte  -SendTo End-at Thu Mar 08 09:15:36 2001
. 0-0.
@104. NtRte Recv  -src=ANY-KWSERV1, dest=CHKAUTH-SPSWRK6-at Thu Mar 08 09:16:04 2001
. 0-0.
@120. NtRte RecvTask MsgText and ii --at Thu Mar 08 09:16:04 2001
. 0-0.
@132. NtRte RecvTask -SendMsg() to Destination-at Thu Mar 08 09:16:04 2001
. 0-0.
@135. NtRte end loop -RcvTask-at Thu Mar 08 09:16:04 2001
. 0-0.
@93. NtRte start loop -RcvTask processing message-at Thu Mar 08 09:16:04 2001
. 0-0.
@286. NtRte  -DoApplicationMsg-at Thu Mar 08 09:16:04 2001
. 0-0.
@312. NtRte Send  -src=ANY-KWSERV1, dest=ManageDB-SPSWRK6-at Thu Mar 08 09:16:04 2001
. 399-0.
@322. NtRte  -SendTo End-at Thu Mar 08 09:16:04 2001
. 0-0.
@104. NtRte Recv  -src=ANY-KWSERV1, dest=ManageDB-SPSWRK6-at Thu Mar 08 09:16:04 2001
. 0-0.
@120. NtRte RecvTask MsgText and ii --at Thu Mar 08 09:16:04 2001
. 0-0.
@132. NtRte RecvTask -SendMsg() to Destination-at Thu Mar 08 09:16:04 2001
. 0-0.
@135. NtRte end loop -RcvTask-at Thu Mar 08 09:16:04 2001
. 0-0.
@93. NtRte start loop -RcvTask processing message-at Thu Mar 08 09:16:04 2001
. 0-0.
@286. NtRte  -DoApplicationMsg-at Thu Mar 08 09:16:04 2001
. 0-0.
@312. NtRte Send  -src=POSAUTH-SPSWRK6, dest=ManageDB-SPSWRK6-at Thu Mar 08 09:16:04 2001
. 62-0.
@322. NtRte  -SendTo End-at Thu Mar 08 09:16:04 2001
. 0-0.
@104. NtRte Recv  -src=POSAUTH-SPSWRK6, dest=ManageDB-SPSWRK6-at Thu Mar 08 09:16:04 2001
. 0-0.
@120. NtRte RecvTask MsgText and ii --at Thu Mar 08 09:16:04 2001
. 0-0.
@132. NtRte RecvTask -SendMsg() to Destination-at Thu Mar 08 09:16:04 2001
. 0-0.
@135. NtRte end loop -RcvTask-at Thu Mar 08 09:16:04 2001
. 0-0.
@93. NtRte start loop -RcvTask processing message-at Thu Mar 08 09:16:04 2001
. 0-0.
@286. NtRte  -DoApplicationMsg-at Thu Mar 08 09:16:04 2001
. 0-0.
@312. NtRte Send  -src=ANY-KWSERV1, dest=ANY-KWSERV1-at Thu Mar 08 09:16:04 2001
. 1841-0.
@322. NtRte  -SendTo End-at Thu Mar 08 09:16:04 2001
. 0-0.
@104. NtRte Recv  -src=ANY-KWSERV1, dest=CHKAUTH-SPSWRK6-at Thu Mar 08 09:16:57 2001
. 0-0.
@120. NtRte RecvTask MsgText and ii --at Thu Mar 08 09:16:57 2001
. 0-0.
@132. NtRte RecvTask -SendMsg() to Destination-at Thu Mar 08 09:16:57 2001
. 0-0.
@135. NtRte end loop -RcvTask-at Thu Mar 08 09:16:57 2001
. 0-0.
@93. NtRte start loop -RcvTask processing message-at Thu Mar 08 09:16:57 2001
. 0-0.
@286. NtRte  -DoApplicationMsg-at Thu Mar 08 09:16:57 2001
. 0-0.
@312. NtRte Send  -src=ANY-KWSERV1, dest=ManageDB-SPSWRK6-at Thu Mar 08 09:16:57 2001
. 407-0.
@322. NtRte  -SendTo End-at Thu Mar 08 09:16:57 2001
. 0-0.
@104. NtRte Recv  -src=ANY-KWSERV1, dest=ManageDB-SPSWRK6-at Thu Mar 08 09:16:57 2001
. 0-0.
@120. NtRte RecvTask MsgText and ii --at Thu Mar 08 09:16:57 2001
. 0-0.
@132. NtRte RecvTask -SendMsg() to Destination-at Thu Mar 08 09:16:57 2001
. 0-0.
@135. NtRte end loop -RcvTask-at Thu Mar 08 09:16:57 2001
. 0-0.
@93. NtRte start loop -RcvTask processing message-at Thu Mar 08 09:16:57 2001
. 0-0.
@286. NtRte  -DoApplicationMsg-at Thu Mar 08 09:16:57 2001
. 0-0.
@312. NtRte Send  -src=POSAUTH-SPSWRK6, dest=ManageDB-SPSWRK6-at Thu Mar 08 09:16:57 2001
. 62-0.
@322. NtRte  -SendTo End-at Thu Mar 08 09:16:57 2001
. 0-0.
@104. NtRte Recv  -src=POSAUTH-SPSWRK6, dest=ManageDB-SPSWRK6-at Thu Mar 08 09:16:57 2001
. 0-0.
@120. NtRte RecvTask MsgText and ii --at Thu Mar 08 09:16:57 2001
. 0-0.
@132. NtRte RecvTask -SendMsg() to Destination-at Thu Mar 08 09:16:57 2001
. 0-0.
@135. NtRte end loop -RcvTask-at Thu Mar 08 09:16:57 2001
. 0-0.
@93. NtRte start loop -RcvTask processing message-at Thu Mar 08 09:16:57 2001
. 0-0.
@286. NtRte  -DoApplicationMsg-at Thu Mar 08 09:16:57 2001
. 0-0.
@312. NtRte Send  -src=ANY-KWSERV1, dest=ANY-KWSERV1-at Thu Mar 08 09:16:57 2001
. 1849-0.
@322. NtRte  -SendTo End-at Thu Mar 08 09:16:57 2001
. 0-0.
@104. NtRte Recv  -src=ANY-KWSERV1, dest=CHKAUTH-SPSWRK6-at Thu Mar 08 09:17:11 2001
. 0-0.
@120. NtRte RecvTask MsgText and ii --at Thu Mar 08 09:17:11 2001
. 0-0.
@132. NtRte RecvTask -SendMsg() to Destination-at Thu Mar 08 09:17:11 2001
. 0-0.
@135. NtRte end loop -RcvTask-at Thu Mar 08 09:17:11 2001
. 0-0.
@93. NtRte start loop -RcvTask processing message-at Thu Mar 08 09:17:11 2001
. 0-0.
@286. NtRte  -DoApplicationMsg-at Thu Mar 08 09:17:11 2001
. 0-0.
@312. NtRte Send  -src=ANY-KWSERV1, dest=ManageDB-SPSWRK6-at Thu Mar 08 09:17:11 2001
. 264-0.
@322. NtRte  -SendTo End-at Thu Mar 08 09:17:11 2001
. 0-0.
@104. NtRte Recv  -src=ANY-KWSERV1, dest=ManageDB-SPSWRK6-at Thu Mar 08 09:17:11 2001
. 0-0.
@120. NtRte RecvTask MsgText and ii --at Thu Mar 08 09:17:11 2001
. 0-0.
@132. NtRte RecvTask -SendMsg() to Destination-at Thu Mar 08 09:17:11 2001
. 0-0.
@135. NtRte end loop -RcvTask-at Thu Mar 08 09:17:11 2001
. 0-0.
@93. NtRte start loop -RcvTask processing message-at Thu Mar 08 09:17:11 2001
. 0-0.
@286. NtRte  -DoApplicationMsg-at Thu Mar 08 09:17:11 2001
. 0-0.
@312. NtRte Send  -src=POSAUTH-SPSWRK6, dest=ManageDB-SPSWRK6-at Thu Mar 08 09:17:11 2001
. 62-0.
@322. NtRte  -SendTo End-at Thu Mar 08 09:17:11 2001
. 0-0.
@104. NtRte Recv  -src=POSAUTH-SPSWRK6, dest=ManageDB-SPSWRK6-at Thu Mar 08 09:17:11 2001
. 0-0.
@120. NtRte RecvTask MsgText and ii --at Thu Mar 08 09:17:11 2001
. 0-0.
@132. NtRte RecvTask -SendMsg() to Destination-at Thu Mar 08 09:17:11 2001
. 0-0.
@135. NtRte end loop -RcvTask-at Thu Mar 08 09:17:11 2001
. 0-0.
@93. NtRte start loop -RcvTask processing message-at Thu Mar 08 09:17:11 2001
. 0-0.
@286. NtRte  -DoApplicationMsg-at Thu Mar 08 09:17:11 2001
. 0-0.
@312. NtRte Send  -src=ANY-KWSERV1, dest=ANY-KWSERV1-at Thu Mar 08 09:17:11 2001
. 1710-0.
@322. NtRte  -SendTo End-at Thu Mar 08 09:17:11 2001
. 0-0.
@104. NtRte Recv  -src=ANY-KWSERV1, dest=CHKAUTH-SPSWRK6-at Thu Mar 08 09:17:33 2001
. 0-0.
@120. NtRte RecvTask MsgText and ii --at Thu Mar 08 09:17:33 2001
. 0-0.
@132. NtRte RecvTask -SendMsg() to Destination-at Thu Mar 08 09:17:33 2001
. 0-0.
@135. NtRte end loop -RcvTask-at Thu Mar 08 09:17:33 2001
. 0-0.
@93. NtRte start loop -RcvTask processing message-at Thu Mar 08 09:17:33 2001
. 0-0.
@286. NtRte  -DoApplicationMsg-at Thu Mar 08 09:17:33 2001
. 0-0.
@312. NtRte Send  -src=ANY-KWSERV1, dest=ManageDB-SPSWRK6-at Thu Mar 08 09:17:33 2001
. 279-0.
@322. NtRte  -SendTo End-at Thu Mar 08 09:17:33 2001
. 0-0.
@104. NtRte Recv  -src=ANY-KWSERV1, dest=ManageDB-SPSWRK6-at Thu Mar 08 09:17:33 2001
. 0-0.
@120. NtRte RecvTask MsgText and ii --at Thu Mar 08 09:17:33 2001
. 0-0.
@132. NtRte RecvTask -SendMsg() to Destination-at Thu Mar 08 09:17:33 2001
. 0-0.
@135. NtRte end loop -RcvTask-at Thu Mar 08 09:17:33 2001
. 0-0.
@93. NtRte start loop -RcvTask processing message-at Thu Mar 08 09:17:33 2001
. 0-0.
@286. NtRte  -DoApplicationMsg-at Thu Mar 08 09:17:33 2001
. 0-0.
@312. NtRte Send  -src=POSAUTH-SPSWRK6, dest=ManageDB-SPSWRK6-at Thu Mar 08 09:17:33 2001
. 62-0.
@322. NtRte  -SendTo End-at Thu Mar 08 09:17:33 2001
. 0-0.
@104. NtRte Recv  -src=POSAUTH-SPSWRK6, dest=ManageDB-SPSWRK6-at Thu Mar 08 09:17:33 2001
. 0-0.
@120. NtRte RecvTask MsgText and ii --at Thu Mar 08 09:17:33 2001
. 0-0.
@132. NtRte RecvTask -SendMsg() to Destination-at Thu Mar 08 09:17:33 2001
. 0-0.
@135. NtRte end loop -RcvTask-at Thu Mar 08 09:17:33 2001
. 0-0.
@93. NtRte start loop -RcvTask processing message-at Thu Mar 08 09:17:33 2001
. 0-0.
@286. NtRte  -DoApplicationMsg-at Thu Mar 08 09:17:33 2001
. 0-0.
@312. NtRte Send  -src=ANY-KWSERV1, dest=ANY-KWSERV1-at Thu Mar 08 09:17:33 2001
. 1721-0.
@322. NtRte  -SendTo End-at Thu Mar 08 09:17:33 2001
. 0-0.
@104. NtRte Recv  -src=ANY-KWSERV1, dest=CHKAUTH-SPSWRK6-at Thu Mar 08 09:17:40 2001
. 0-0.
@120. NtRte RecvTask MsgText and ii --at Thu Mar 08 09:17:40 2001
. 0-0.
@132. NtRte RecvTask -SendMsg() to Destination-at Thu Mar 08 09:17:40 2001
. 0-0.
@135. NtRte end loop -RcvTask-at Thu Mar 08 09:17:40 2001
. 0-0.
@93. NtRte start loop -RcvTask processing message-at Thu Mar 08 09:17:40 2001
. 0-0.
@286. NtRte  -DoApplicationMsg-at Thu Mar 08 09:17:40 2001
. 0-0.
@312. NtRte Send  -src=ANY-KWSERV1, dest=ManageDB-SPSWRK6-at Thu Mar 08 09:17:40 2001
. 285-0.
@322. NtRte  -SendTo End-at Thu Mar 08 09:17:40 2001
. 0-0.
@104. NtRte Recv  -src=ANY-KWSERV1, dest=ManageDB-SPSWRK6-at Thu Mar 08 09:17:40 2001
. 0-0.
@120. NtRte RecvTask MsgText and ii --at Thu Mar 08 09:17:40 2001
. 0-0.
@132. NtRte RecvTask -SendMsg() to Destination-at Thu Mar 08 09:17:40 2001
. 0-0.
@135. NtRte end loop -RcvTask-at Thu Mar 08 09:17:40 2001
. 0-0.
@93. NtRte start loop -RcvTask processing message-at Thu Mar 08 09:17:40 2001
. 0-0.
@286. NtRte  -DoApplicationMsg-at Thu Mar 08 09:17:40 2001
. 0-0.
@312. NtRte Send  -src=POSAUTH-SPSWRK6, dest=ManageDB-SPSWRK6-at Thu Mar 08 09:17:40 2001
. 62-0.
@322. NtRte  -SendTo End-at Thu Mar 08 09:17:40 2001
. 0-0.
@104. NtRte Recv  -src=POSAUTH-SPSWRK6, dest=ManageDB-SPSWRK6-at Thu Mar 08 09:17:40 2001
. 0-0.
@120. NtRte RecvTask MsgText and ii --at Thu Mar 08 09:17:40 2001
. 0-0.
@132. NtRte RecvTask -SendMsg() to Destination-at Thu Mar 08 09:17:40 2001
. 0-0.
@135. NtRte end loop -RcvTask-at Thu Mar 08 09:17:40 2001
. 0-0.
@93. NtRte start loop -RcvTask processing message-at Thu Mar 08 09:17:40 2001
. 0-0.
@286. NtRte  -DoApplicationMsg-at Thu Mar 08 09:17:40 2001
. 0-0.
@312. NtRte Send  -src=ANY-KWSERV1, dest=ANY-KWSERV1-at Thu Mar 08 09:17:40 2001
. 1727-0.
@322. NtRte  -SendTo End-at Thu Mar 08 09:17:40 2001
. 0-0.
@104. NtRte Recv  -src=ANY-KWSERV1, dest=CHKAUTH-SPSWRK6-at Thu Mar 08 09:18:22 2001
. 0-0.
@120. NtRte RecvTask MsgText and ii --at Thu Mar 08 09:18:22 2001
. 0-0.
@132. NtRte RecvTask -SendMsg() to Destination-at Thu Mar 08 09:18:22 2001
. 0-0.
@135. NtRte end loop -RcvTask-at Thu Mar 08 09:18:22 2001
. 0-0.
@93. NtRte start loop -RcvTask processing message-at Thu Mar 08 09:18:22 2001
. 0-0.
@286. NtRte  -DoApplicationMsg-at Thu Mar 08 09:18:22 2001
. 0-0.
@312. NtRte Send  -src=ANY-KWSERV1, dest=ManageDB-SPSWRK6-at Thu Mar 08 09:18:22 2001
. 282-0.
@322. NtRte  -SendTo End-at Thu Mar 08 09:18:22 2001
. 0-0.
@104. NtRte Recv  -src=ANY-KWSERV1, dest=ManageDB-SPSWRK6-at Thu Mar 08 09:18:22 2001
. 0-0.
@120. NtRte RecvTask MsgText and ii --at Thu Mar 08 09:18:22 2001
. 0-0.
@132. NtRte RecvTask -SendMsg() to Destination-at Thu Mar 08 09:18:22 2001
. 0-0.
@135. NtRte end loop -RcvTask-at Thu Mar 08 09:18:22 2001
. 0-0.
@93. NtRte start loop -RcvTask processing message-at Thu Mar 08 09:18:22 2001
. 0-0.
@286. NtRte  -DoApplicationMsg-at Thu Mar 08 09:18:22 2001
. 0-0.
@312. NtRte Send  -src=POSAUTH-SPSWRK6, dest=ManageDB-SPSWRK6-at Thu Mar 08 09:18:22 2001
. 62-0.
@322. NtRte  -SendTo End-at Thu Mar 08 09:18:22 2001
. 0-0.
@104. NtRte Recv  -src=POSAUTH-SPSWRK6, dest=ManageDB-SPSWRK6-at Thu Mar 08 09:18:22 2001
. 0-0.
@120. NtRte RecvTask MsgText and ii --at Thu Mar 08 09:18:22 2001
. 0-0.
@132. NtRte RecvTask -SendMsg() to Destination-at Thu Mar 08 09:18:22 2001
. 0-0.
@135. NtRte end loop -RcvTask-at Thu Mar 08 09:18:22 2001
. 0-0.
@93. NtRte start loop -RcvTask processing message-at Thu Mar 08 09:18:22 2001
. 0-0.
@286. NtRte  -DoApplicationMsg-at Thu Mar 08 09:18:22 2001
. 0-0.
@312. NtRte Send  -src=ANY-KWSERV1, dest=ANY-KWSERV1-at Thu Mar 08 09:18:22 2001
. 1731-0.
@322. NtRte  -SendTo End-at Thu Mar 08 09:18:22 2001
. 0-0.
@104. NtRte Recv  -src=ANY-KWSERV1, dest=CHKAUTH-SPSWRK6-at Thu Mar 08 09:19:09 2001
. 0-0.
@120. NtRte RecvTask MsgText and ii --at Thu Mar 08 09:19:09 2001
. 0-0.
@132. NtRte RecvTask -SendMsg() to Destination-at Thu Mar 08 09:19:09 2001
. 0-0.
@135. NtRte end loop -RcvTask-at Thu Mar 08 09:19:09 2001
. 0-0.
@93. NtRte start loop -RcvTask processing message-at Thu Mar 08 09:19:09 2001
. 0-0.
@286. NtRte  -DoApplicationMsg-at Thu Mar 08 09:19:09 2001
. 0-0.
@312. NtRte Send  -src=ANY-KWSERV1, dest=ManageDB-SPSWRK6-at Thu Mar 08 09:19:09 2001
. 266-0.
@322. NtRte  -SendTo End-at Thu Mar 08 09:19:09 2001
. 0-0.
@104. NtRte Recv  -src=ANY-KWSERV1, dest=ManageDB-SPSWRK6-at Thu Mar 08 09:19:09 2001
. 0-0.
@120. NtRte RecvTask MsgText and ii --at Thu Mar 08 09:19:09 2001
. 0-0.
@132. NtRte RecvTask -SendMsg() to Destination-at Thu Mar 08 09:19:09 2001
. 0-0.
@135. NtRte end loop -RcvTask-at Thu Mar 08 09:19:09 2001
. 0-0.
@93. NtRte start loop -RcvTask processing message-at Thu Mar 08 09:19:09 2001
. 0-0.
@286. NtRte  -DoApplicationMsg-at Thu Mar 08 09:19:09 2001
. 0-0.
@312. NtRte Send  -src=POSAUTH-SPSWRK6, dest=ManageDB-SPSWRK6-at Thu Mar 08 09:19:09 2001
. 62-0.
@322. NtRte  -SendTo End-at Thu Mar 08 09:19:09 2001
. 0-0.
@104. NtRte Recv  -src=POSAUTH-SPSWRK6, dest=ManageDB-SPSWRK6-at Thu Mar 08 09:19:09 2001
. 0-0.
@120. NtRte RecvTask MsgText and ii --at Thu Mar 08 09:19:09 2001
. 0-0.
@132. NtRte RecvTask -SendMsg() to Destination-at Thu Mar 08 09:19:09 2001
. 0-0.
@135. NtRte end loop -RcvTask-at Thu Mar 08 09:19:09 2001
. 0-0.
@93. NtRte start loop -RcvTask processing message-at Thu Mar 08 09:19:09 2001
. 0-0.
@286. NtRte  -DoApplicationMsg-at Thu Mar 08 09:19:09 2001
. 0-0.
@312. NtRte Send  -src=ANY-KWSERV1, dest=ANY-KWSERV1-at Thu Mar 08 09:19:09 2001
. 1715-0.
@322. NtRte  -SendTo End-at Thu Mar 08 09:19:09 2001
. 0-0.
@104. NtRte Recv  -src=ANY-KWSERV1, dest=CHKAUTH-SPSWRK6-at Thu Mar 08 09:20:12 2001
. 0-0.
@120. NtRte RecvTask MsgText and ii --at Thu Mar 08 09:20:12 2001
. 0-0.
@132. NtRte RecvTask -SendMsg() to Destination-at Thu Mar 08 09:20:12 2001
. 0-0.
@135. NtRte end loop -RcvTask-at Thu Mar 08 09:20:12 2001
. 0-0.
@93. NtRte start loop -RcvTask processing message-at Thu Mar 08 09:20:12 2001
. 0-0.
@286. NtRte  -DoApplicationMsg-at Thu Mar 08 09:20:12 2001
. 0-0.
@312. NtRte Send  -src=ANY-KWSERV1, dest=ManageDB-SPSWRK6-at Thu Mar 08 09:20:12 2001
. 401-0.
@322. NtRte  -SendTo End-at Thu Mar 08 09:20:12 2001
. 0-0.
@104. NtRte Recv  -src=ANY-KWSERV1, dest=ManageDB-SPSWRK6-at Thu Mar 08 09:20:12 2001
. 0-0.
@120. NtRte RecvTask MsgText and ii --at Thu Mar 08 09:20:12 2001
. 0-0.
@132. NtRte RecvTask -SendMsg() to Destination-at Thu Mar 08 09:20:12 2001
. 0-0.
@135. NtRte end loop -RcvTask-at Thu Mar 08 09:20:12 2001
. 0-0.
@93. NtRte start loop -RcvTask processing message-at Thu Mar 08 09:20:12 2001
. 0-0.
@286. NtRte  -DoApplicationMsg-at Thu Mar 08 09:20:12 2001
. 0-0.
@312. NtRte Send  -src=POSAUTH-SPSWRK6, dest=ManageDB-SPSWRK6-at Thu Mar 08 09:20:12 2001
. 62-0.
@322. NtRte  -SendTo End-at Thu Mar 08 09:20:12 2001
. 0-0.
@104. NtRte Recv  -src=POSAUTH-SPSWRK6, dest=ManageDB-SPSWRK6-at Thu Mar 08 09:20:12 2001
. 0-0.
@120. NtRte RecvTask MsgText and ii --at Thu Mar 08 09:20:12 2001
. 0-0.
@132. NtRte RecvTask -SendMsg() to Destination-at Thu Mar 08 09:20:12 2001
. 0-0.
@135. NtRte end loop -RcvTask-at Thu Mar 08 09:20:12 2001
. 0-0.
@93. NtRte start loop -RcvTask processing message-at Thu Mar 08 09:20:12 2001
. 0-0.
@286. NtRte  -DoApplicationMsg-at Thu Mar 08 09:20:12 2001
. 0-0.
@312. NtRte Send  -src=ANY-KWSERV1, dest=ANY-KWSERV1-at Thu Mar 08 09:20:12 2001
. 1843-0.
@322. NtRte  -SendTo End-at Thu Mar 08 09:20:12 2001
. 0-0.
@104. NtRte Recv  -src=ANY-KWSERV1, dest=CHKAUTH-SPSWRK6-at Thu Mar 08 09:20:33 2001
. 0-0.
@120. NtRte RecvTask MsgText and ii --at Thu Mar 08 09:20:33 2001
. 0-0.
@132. NtRte RecvTask -SendMsg() to Destination-at Thu Mar 08 09:20:33 2001
. 0-0.
@135. NtRte end loop -RcvTask-at Thu Mar 08 09:20:33 2001
. 0-0.
@93. NtRte start loop -RcvTask processing message-at Thu Mar 08 09:20:33 2001
. 0-0.
@286. NtRte  -DoApplicationMsg-at Thu Mar 08 09:20:33 2001
. 0-0.
@312. NtRte Send  -src=ANY-KWSERV1, dest=ManageDB-SPSWRK6-at Thu Mar 08 09:20:33 2001
. 523-0.
@322. NtRte  -SendTo End-at Thu Mar 08 09:20:33 2001
. 0-0.
@104. NtRte Recv  -src=ANY-KWSERV1, dest=ManageDB-SPSWRK6-at Thu Mar 08 09:20:33 2001
. 0-0.
@120. NtRte RecvTask MsgText and ii --at Thu Mar 08 09:20:33 2001
. 0-0.
@132. NtRte RecvTask -SendMsg() to Destination-at Thu Mar 08 09:20:33 2001
. 0-0.
@135. NtRte end loop -RcvTask-at Thu Mar 08 09:20:33 2001
. 0-0.
@93. NtRte start loop -RcvTask processing message-at Thu Mar 08 09:20:33 2001
. 0-0.
@286. NtRte  -DoApplicationMsg-at Thu Mar 08 09:20:33 2001
. 0-0.
@312. NtRte Send  -src=POSAUTH-SPSWRK6, dest=ManageDB-SPSWRK6-at Thu Mar 08 09:20:33 2001
. 62-0.
@322. NtRte  -SendTo End-at Thu Mar 08 09:20:33 2001
. 0-0.
@104. NtRte Recv  -src=POSAUTH-SPSWRK6, dest=ManageDB-SPSWRK6-at Thu Mar 08 09:20:33 2001
. 0-0.
@120. NtRte RecvTask MsgText and ii --at Thu Mar 08 09:20:33 2001
. 0-0.
@132. NtRte RecvTask -SendMsg() to Destination-at Thu Mar 08 09:20:33 2001
. 0-0.
@135. NtRte end loop -RcvTask-at Thu Mar 08 09:20:33 2001
. 0-0.
@93. NtRte start loop -RcvTask processing message-at Thu Mar 08 09:20:33 2001
. 0-0.
@286. NtRte  -DoApplicationMsg-at Thu Mar 08 09:20:33 2001
. 0-0.
@312. NtRte Send  -src=ANY-KWSERV1, dest=ANY-KWSERV1-at Thu Mar 08 09:20:33 2001
. 1965-0.
@322. NtRte  -SendTo End-at Thu Mar 08 09:20:33 2001
. 0-0.
@104. NtRte Recv  -src=ANY-KWSERV1, dest=CHKAUTH-SPSWRK6-at Thu Mar 08 09:21:16 2001
. 0-0.
@120. NtRte RecvTask MsgText and ii --at Thu Mar 08 09:21:16 2001
. 0-0.
@132. NtRte RecvTask -SendMsg() to Destination-at Thu Mar 08 09:21:16 2001
. 0-0.
@135. NtRte end loop -RcvTask-at Thu Mar 08 09:21:16 2001
. 0-0.
@93. NtRte start loop -RcvTask processing message-at Thu Mar 08 09:21:16 2001
. 0-0.
@286. NtRte  -DoApplicationMsg-at Thu Mar 08 09:21:16 2001
. 0-0.
@312. NtRte Send  -src=ANY-KWSERV1, dest=ManageDB-SPSWRK6-at Thu Mar 08 09:21:16 2001
. 277-0.
@322. NtRte  -SendTo End-at Thu Mar 08 09:21:16 2001
. 0-0.
@104. NtRte Recv  -src=ANY-KWSERV1, dest=ManageDB-SPSWRK6-at Thu Mar 08 09:21:16 2001
. 0-0.
@120. NtRte RecvTask MsgText and ii --at Thu Mar 08 09:21:16 2001
. 0-0.
@132. NtRte RecvTask -SendMsg() to Destination-at Thu Mar 08 09:21:16 2001
. 0-0.
@135. NtRte end loop -RcvTask-at Thu Mar 08 09:21:16 2001
. 0-0.
@93. NtRte start loop -RcvTask processing message-at Thu Mar 08 09:21:16 2001
. 0-0.
@286. NtRte  -DoApplicationMsg-at Thu Mar 08 09:21:16 2001
. 0-0.
@312. NtRte Send  -src=POSAUTH-SPSWRK6, dest=ManageDB-SPSWRK6-at Thu Mar 08 09:21:16 2001
. 62-0.
@322. NtRte  -SendTo End-at Thu Mar 08 09:21:16 2001
. 0-0.
@104. NtRte Recv  -src=POSAUTH-SPSWRK6, dest=ManageDB-SPSWRK6-at Thu Mar 08 09:21:16 2001
. 0-0.
@120. NtRte RecvTask MsgText and ii --at Thu Mar 08 09:21:16 2001
. 0-0.
@132. NtRte RecvTask -SendMsg() to Destination-at Thu Mar 08 09:21:16 2001
. 0-0.
@135. NtRte end loop -RcvTask-at Thu Mar 08 09:21:16 2001
. 0-0.
@93. NtRte start loop -RcvTask processing message-at Thu Mar 08 09:21:16 2001
. 0-0.
@286. NtRte  -DoApplicationMsg-at Thu Mar 08 09:21:16 2001
. 0-0.
@312. NtRte Send  -src=ANY-KWSERV1, dest=ANY-KWSERV1-at Thu Mar 08 09:21:16 2001
. 1719-0.
@322. NtRte  -SendTo End-at Thu Mar 08 09:21:16 2001
. 0-0.
@104. NtRte Recv  -src=ANY-KWSERV1, dest=CHKAUTH-SPSWRK6-at Thu Mar 08 09:21:33 2001
. 0-0.
@120. NtRte RecvTask MsgText and ii --at Thu Mar 08 09:21:33 2001
. 0-0.
@132. NtRte RecvTask -SendMsg() to Destination-at Thu Mar 08 09:21:33 2001
. 0-0.
@135. NtRte end loop -RcvTask-at Thu Mar 08 09:21:33 2001
. 0-0.
@93. NtRte start loop -RcvTask processing message-at Thu Mar 08 09:21:33 2001
. 0-0.
@286. NtRte  -DoApplicationMsg-at Thu Mar 08 09:21:33 2001
. 0-0.
@312. NtRte Send  -src=ANY-KWSERV1, dest=ManageDB-SPSWRK6-at Thu Mar 08 09:21:33 2001
. 284-0.
@322. NtRte  -SendTo End-at Thu Mar 08 09:21:33 2001
. 0-0.
@104. NtRte Recv  -src=ANY-KWSERV1, dest=ManageDB-SPSWRK6-at Thu Mar 08 09:21:33 2001
. 0-0.
@120. NtRte RecvTask MsgText and ii --at Thu Mar 08 09:21:33 2001
. 0-0.
@132. NtRte RecvTask -SendMsg() to Destination-at Thu Mar 08 09:21:33 2001
. 0-0.
@135. NtRte end loop -RcvTask-at Thu Mar 08 09:21:33 2001
. 0-0.
@93. NtRte start loop -RcvTask processing message-at Thu Mar 08 09:21:33 2001
. 0-0.
@286. NtRte  -DoApplicationMsg-at Thu Mar 08 09:21:33 2001
. 0-0.
@312. NtRte Send  -src=POSAUTH-SPSWRK6, dest=ManageDB-SPSWRK6-at Thu Mar 08 09:21:33 2001
. 62-0.
@322. NtRte  -SendTo End-at Thu Mar 08 09:21:33 2001
. 0-0.
@104. NtRte Recv  -src=POSAUTH-SPSWRK6, dest=ManageDB-SPSWRK6-at Thu Mar 08 09:21:33 2001
. 0-0.
@120. NtRte RecvTask MsgText and ii --at Thu Mar 08 09:21:33 2001
. 0-0.
@132. NtRte RecvTask -SendMsg() to Destination-at Thu Mar 08 09:21:33 2001
. 0-0.
@135. NtRte end loop -RcvTask-at Thu Mar 08 09:21:33 2001
. 0-0.
@93. NtRte start loop -RcvTask processing message-at Thu Mar 08 09:21:33 2001
. 0-0.
@286. NtRte  -DoApplicationMsg-at Thu Mar 08 09:21:33 2001
. 0-0.
@312. NtRte Send  -src=ANY-KWSERV1, dest=ANY-KWSERV1-at Thu Mar 08 09:21:33 2001
. 1726-0.
@322. NtRte  -SendTo End-at Thu Mar 08 09:21:33 2001
. 0-0.
@104. NtRte Recv  -src=ANY-KWSERV1, dest=CHKAUTH-SPSWRK6-at Thu Mar 08 09:21:56 2001
. 0-0.
@120. NtRte RecvTask MsgText and ii --at Thu Mar 08 09:21:56 2001
. 0-0.
@132. NtRte RecvTask -SendMsg() to Destination-at Thu Mar 08 09:21:56 2001
. 0-0.
@135. NtRte end loop -RcvTask-at Thu Mar 08 09:21:56 2001
. 0-0.
@93. NtRte start loop -RcvTask processing message-at Thu Mar 08 09:21:56 2001
. 0-0.
@286. NtRte  -DoApplicationMsg-at Thu Mar 08 09:21:56 2001
. 0-0.
@312. NtRte Send  -src=ANY-KWSERV1, dest=ManageDB-SPSWRK6-at Thu Mar 08 09:21:56 2001
. 281-0.
@322. NtRte  -SendTo End-at Thu Mar 08 09:21:56 2001
. 0-0.
@104. NtRte Recv  -src=ANY-KWSERV1, dest=ManageDB-SPSWRK6-at Thu Mar 08 09:21:56 2001
. 0-0.
@120. NtRte RecvTask MsgText and ii --at Thu Mar 08 09:21:56 2001
. 0-0.
@132. NtRte RecvTask -SendMsg() to Destination-at Thu Mar 08 09:21:56 2001
. 0-0.
@135. NtRte end loop -RcvTask-at Thu Mar 08 09:21:56 2001
. 0-0.
@93. NtRte start loop -RcvTask processing message-at Thu Mar 08 09:21:56 2001
. 0-0.
@286. NtRte  -DoApplicationMsg-at Thu Mar 08 09:21:56 2001
. 0-0.
@312. NtRte Send  -src=POSAUTH-SPSWRK6, dest=ManageDB-SPSWRK6-at Thu Mar 08 09:21:56 2001
. 62-0.
@322. NtRte  -SendTo End-at Thu Mar 08 09:21:56 2001
. 0-0.
@104. NtRte Recv  -src=POSAUTH-SPSWRK6, dest=ManageDB-SPSWRK6-at Thu Mar 08 09:21:56 2001
. 0-0.
@120. NtRte RecvTask MsgText and ii --at Thu Mar 08 09:21:56 2001
. 0-0.
@132. NtRte RecvTask -SendMsg() to Destination-at Thu Mar 08 09:21:56 2001
. 0-0.
@135. NtRte end loop -RcvTask-at Thu Mar 08 09:21:56 2001
. 0-0.
@93. NtRte start loop -RcvTask processing message-at Thu Mar 08 09:21:56 2001
. 0-0.
@286. NtRte  -DoApplicationMsg-at Thu Mar 08 09:21:56 2001
. 0-0.
@312. NtRte Send  -src=ANY-KWSERV1, dest=ANY-KWSERV1-at Thu Mar 08 09:21:56 2001
. 1723-0.
@322. NtRte  -SendTo End-at Thu Mar 08 09:21:56 2001
. 0-0.
@104. NtRte Recv  -src=ANY-KWSERV1, dest=CHKAUTH-SPSWRK6-at Thu Mar 08 09:22:46 2001
. 0-0.
@120. NtRte RecvTask MsgText and ii --at Thu Mar 08 09:22:46 2001
. 0-0.
@132. NtRte RecvTask -SendMsg() to Destination-at Thu Mar 08 09:22:46 2001
. 0-0.
@135. NtRte end loop -RcvTask-at Thu Mar 08 09:22:46 2001
. 0-0.
@93. NtRte start loop -RcvTask processing message-at Thu Mar 08 09:22:46 2001
. 0-0.
@286. NtRte  -DoApplicationMsg-at Thu Mar 08 09:22:46 2001
. 0-0.
@312. NtRte Send  -src=ANY-KWSERV1, dest=ManageDB-SPSWRK6-at Thu Mar 08 09:22:46 2001
. 396-0.
@322. NtRte  -SendTo End-at Thu Mar 08 09:22:46 2001
. 0-0.
@104. NtRte Recv  -src=ANY-KWSERV1, dest=ManageDB-SPSWRK6-at Thu Mar 08 09:22:46 2001
. 0-0.
@120. NtRte RecvTask MsgText and ii --at Thu Mar 08 09:22:46 2001
. 0-0.
@132. NtRte RecvTask -SendMsg() to Destination-at Thu Mar 08 09:22:46 2001
. 0-0.
@135. NtRte end loop -RcvTask-at Thu Mar 08 09:22:46 2001
. 0-0.
@93. NtRte start loop -RcvTask processing message-at Thu Mar 08 09:22:46 2001
. 0-0.
@286. NtRte  -DoApplicationMsg-at Thu Mar 08 09:22:46 2001
. 0-0.
@312. NtRte Send  -src=POSAUTH-SPSWRK6, dest=ManageDB-SPSWRK6-at Thu Mar 08 09:22:46 2001
. 62-0.
@322. NtRte  -SendTo End-at Thu Mar 08 09:22:46 2001
. 0-0.
@104. NtRte Recv  -src=POSAUTH-SPSWRK6, dest=ManageDB-SPSWRK6-at Thu Mar 08 09:22:46 2001
. 0-0.
@120. NtRte RecvTask MsgText and ii --at Thu Mar 08 09:22:46 2001
. 0-0.
@132. NtRte RecvTask -SendMsg() to Destination-at Thu Mar 08 09:22:46 2001
. 0-0.
@135. NtRte end loop -RcvTask-at Thu Mar 08 09:22:46 2001
. 0-0.
@93. NtRte start loop -RcvTask processing message-at Thu Mar 08 09:22:46 2001
. 0-0.
@286. NtRte  -DoApplicationMsg-at Thu Mar 08 09:22:46 2001
. 0-0.
@312. NtRte Send  -src=POSAUTH-SPSWRK6, dest=REFQUE-SPSWRK6-at Thu Mar 08 09:22:46 2001
. 1837-0.
@322. NtRte  -SendTo End-at Thu Mar 08 09:22:46 2001
. 0-0.
@104. NtRte Recv  -src=POSAUTH-SPSWRK6, dest=REFQUE-SPSWRK6-at Thu Mar 08 09:22:46 2001
. 0-0.
@120. NtRte RecvTask MsgText and ii --at Thu Mar 08 09:22:46 2001
. 0-0.
@132. NtRte RecvTask -SendMsg() to Destination-at Thu Mar 08 09:22:46 2001
. 0-0.
@135. NtRte end loop -RcvTask-at Thu Mar 08 09:22:46 2001
. 0-0.
@93. NtRte start loop -RcvTask processing message-at Thu Mar 08 09:22:46 2001
. 0-0.
@286. NtRte  -DoApplicationMsg-at Thu Mar 08 09:22:46 2001
. 0-0.
@312. NtRte Send  -src=ANY-KWSERV1, dest=ANY-KWSERV1-at Thu Mar 08 09:22:46 2001
. 1850-0.
@322. NtRte  -SendTo End-at Thu Mar 08 09:22:46 2001
. 0-0.
@104. NtRte Recv  -src=ANY-KWSERV1, dest=CHKAUTH-SPSWRK6-at Thu Mar 08 09:23:02 2001
. 0-0.
@120. NtRte RecvTask MsgText and ii --at Thu Mar 08 09:23:02 2001
. 0-0.
@132. NtRte RecvTask -SendMsg() to Destination-at Thu Mar 08 09:23:02 2001
. 0-0.
@135. NtRte end loop -RcvTask-at Thu Mar 08 09:23:02 2001
. 0-0.
@93. NtRte start loop -RcvTask processing message-at Thu Mar 08 09:23:02 2001
. 0-0.
@286. NtRte  -DoApplicationMsg-at Thu Mar 08 09:23:02 2001
. 0-0.
@312. NtRte Send  -src=ANY-KWSERV1, dest=ManageDB-SPSWRK6-at Thu Mar 08 09:23:02 2001
. 519-0.
@322. NtRte  -SendTo End-at Thu Mar 08 09:23:02 2001
. 0-0.
@104. NtRte Recv  -src=ANY-KWSERV1, dest=ManageDB-SPSWRK6-at Thu Mar 08 09:23:02 2001
. 0-0.
@120. NtRte RecvTask MsgText and ii --at Thu Mar 08 09:23:02 2001
. 0-0.
@132. NtRte RecvTask -SendMsg() to Destination-at Thu Mar 08 09:23:02 2001
. 0-0.
@135. NtRte end loop -RcvTask-at Thu Mar 08 09:23:02 2001
. 0-0.
@93. NtRte start loop -RcvTask processing message-at Thu Mar 08 09:23:02 2001
. 0-0.
@286. NtRte  -DoApplicationMsg-at Thu Mar 08 09:23:02 2001
. 0-0.
@312. NtRte Send  -src=POSAUTH-SPSWRK6, dest=ManageDB-SPSWRK6-at Thu Mar 08 09:23:02 2001
. 62-0.
@322. NtRte  -SendTo End-at Thu Mar 08 09:23:02 2001
. 0-0.
@104. NtRte Recv  -src=POSAUTH-SPSWRK6, dest=ManageDB-SPSWRK6-at Thu Mar 08 09:23:02 2001
. 0-0.
@120. NtRte RecvTask MsgText and ii --at Thu Mar 08 09:23:02 2001
. 0-0.
@132. NtRte RecvTask -SendMsg() to Destination-at Thu Mar 08 09:23:02 2001
. 0-0.
@135. NtRte end loop -RcvTask-at Thu Mar 08 09:23:02 2001
. 0-0.
@93. NtRte start loop -RcvTask processing message-at Thu Mar 08 09:23:02 2001
. 0-0.
@286. NtRte  -DoApplicationMsg-at Thu Mar 08 09:23:02 2001
. 0-0.
@312. NtRte Send  -src=ANY-KWSERV1, dest=ANY-KWSERV1-at Thu Mar 08 09:23:02 2001
. 1961-0.
@322. NtRte  -SendTo End-at Thu Mar 08 09:23:02 2001
. 0-0.
@104. NtRte Recv  -src=ANY-KWSERV1, dest=CHKAUTH-SPSWRK6-at Thu Mar 08 09:23:21 2001
. 0-0.
@120. NtRte RecvTask MsgText and ii --at Thu Mar 08 09:23:21 2001
. 0-0.
@132. NtRte RecvTask -SendMsg() to Destination-at Thu Mar 08 09:23:21 2001
. 0-0.
@135. NtRte end loop -RcvTask-at Thu Mar 08 09:23:21 2001
. 0-0.
@93. NtRte start loop -RcvTask processing message-at Thu Mar 08 09:23:21 2001
. 0-0.
@286. NtRte  -DoApplicationMsg-at Thu Mar 08 09:23:21 2001
. 0-0.
@312. NtRte Send  -src=ANY-KWSERV1, dest=ManageDB-SPSWRK6-at Thu Mar 08 09:23:21 2001
. 297-0.
@322. NtRte  -SendTo End-at Thu Mar 08 09:23:21 2001
. 0-0.
@104. NtRte Recv  -src=ANY-KWSERV1, dest=ManageDB-SPSWRK6-at Thu Mar 08 09:23:21 2001
. 0-0.
@120. NtRte RecvTask MsgText and ii --at Thu Mar 08 09:23:21 2001
. 0-0.
@132. NtRte RecvTask -SendMsg() to Destination-at Thu Mar 08 09:23:21 2001
. 0-0.
@135. NtRte end loop -RcvTask-at Thu Mar 08 09:23:21 2001
. 0-0.
@93. NtRte start loop -RcvTask processing message-at Thu Mar 08 09:23:21 2001
. 0-0.
@286. NtRte  -DoApplicationMsg-at Thu Mar 08 09:23:21 2001
. 0-0.
@312. NtRte Send  -src=POSAUTH-SPSWRK6, dest=ManageDB-SPSWRK6-at Thu Mar 08 09:23:21 2001
. 62-0.
@322. NtRte  -SendTo End-at Thu Mar 08 09:23:21 2001
. 0-0.
@104. NtRte Recv  -src=POSAUTH-SPSWRK6, dest=ManageDB-SPSWRK6-at Thu Mar 08 09:23:21 2001
. 0-0.
@120. NtRte RecvTask MsgText and ii --at Thu Mar 08 09:23:21 2001
. 0-0.
@132. NtRte RecvTask -SendMsg() to Destination-at Thu Mar 08 09:23:21 2001
. 0-0.
@135. NtRte end loop -RcvTask-at Thu Mar 08 09:23:21 2001
. 0-0.
@93. NtRte start loop -RcvTask processing message-at Thu Mar 08 09:23:21 2001
. 0-0.
@286. NtRte  -DoApplicationMsg-at Thu Mar 08 09:23:21 2001
. 0-0.
@312. NtRte Send  -src=ANY-KWSERV1, dest=ANY-KWSERV1-at Thu Mar 08 09:23:21 2001
. 1746-0.
@322. NtRte  -SendTo End-at Thu Mar 08 09:23:21 2001
. 0-0.
@104. NtRte Recv  -src=VOICAUTH-SPSWRK1, dest=REFQUE-SPSWRK6-at Thu Mar 08 09:24:04 2001
. 0-0.
@120. NtRte RecvTask MsgText and ii --at Thu Mar 08 09:24:04 2001
. 0-0.
@132. NtRte RecvTask -SendMsg() to Destination-at Thu Mar 08 09:24:04 2001
. 0-0.
@135. NtRte end loop -RcvTask-at Thu Mar 08 09:24:04 2001
. 0-0.
@93. NtRte start loop -RcvTask processing message-at Thu Mar 08 09:24:04 2001
. 0-0.
@286. NtRte  -DoApplicationMsg-at Thu Mar 08 09:24:04 2001
. 0-0.
@312. NtRte Send  -src=VOICAUTH-SPSWRK1, dest=VOICAUTH-SPSWRK1-at Thu Mar 08 09:24:04 2001
. 63-0.
@322. NtRte  -SendTo End-at Thu Mar 08 09:24:04 2001
. 0-0.
@104. NtRte Recv  -src=ANY-KWSERV1, dest=CHKAUTH-SPSWRK6-at Thu Mar 08 09:24:07 2001
. 0-0.
@120. NtRte RecvTask MsgText and ii --at Thu Mar 08 09:24:07 2001
. 0-0.
@132. NtRte RecvTask -SendMsg() to Destination-at Thu Mar 08 09:24:07 2001
. 0-0.
@135. NtRte end loop -RcvTask-at Thu Mar 08 09:24:07 2001
. 0-0.
@93. NtRte start loop -RcvTask processing message-at Thu Mar 08 09:24:07 2001
. 0-0.
@286. NtRte  -DoApplicationMsg-at Thu Mar 08 09:24:07 2001
. 0-0.
@312. NtRte Send  -src=ANY-KWSERV1, dest=ManageDB-SPSWRK6-at Thu Mar 08 09:24:07 2001
. 429-0.
@322. NtRte  -SendTo End-at Thu Mar 08 09:24:07 2001
. 0-0.
@104. NtRte Recv  -src=ANY-KWSERV1, dest=ManageDB-SPSWRK6-at Thu Mar 08 09:24:07 2001
. 0-0.
@120. NtRte RecvTask MsgText and ii --at Thu Mar 08 09:24:07 2001
. 0-0.
@132. NtRte RecvTask -SendMsg() to Destination-at Thu Mar 08 09:24:07 2001
. 0-0.
@135. NtRte end loop -RcvTask-at Thu Mar 08 09:24:07 2001
. 0-0.
@93. NtRte start loop -RcvTask processing message-at Thu Mar 08 09:24:07 2001
. 0-0.
@286. NtRte  -DoApplicationMsg-at Thu Mar 08 09:24:07 2001
. 0-0.
@312. NtRte Send  -src=POSAUTH-SPSWRK6, dest=ManageDB-SPSWRK6-at Thu Mar 08 09:24:07 2001
. 61-0.
@322. NtRte  -SendTo End-at Thu Mar 08 09:24:07 2001
. 0-0.
@104. NtRte Recv  -src=POSAUTH-SPSWRK6, dest=ManageDB-SPSWRK6-at Thu Mar 08 09:24:07 2001
. 0-0.
@120. NtRte RecvTask MsgText and ii --at Thu Mar 08 09:24:07 2001
. 0-0.
@132. NtRte RecvTask -SendMsg() to Destination-at Thu Mar 08 09:24:07 2001
. 0-0.
@135. NtRte end loop -RcvTask-at Thu Mar 08 09:24:07 2001
. 0-0.
@93. NtRte start loop -RcvTask processing message-at Thu Mar 08 09:24:07 2001
. 0-0.
@286. NtRte  -DoApplicationMsg-at Thu Mar 08 09:24:07 2001
. 0-0.
@312. NtRte Send  -src=POSAUTH-SPSWRK6, dest=REFQUE-SPSWRK6-at Thu Mar 08 09:24:07 2001
. 2032-0.
@322. NtRte  -SendTo End-at Thu Mar 08 09:24:07 2001
. 0-0.
@104. NtRte Recv  -src=POSAUTH-SPSWRK6, dest=REFQUE-SPSWRK6-at Thu Mar 08 09:24:07 2001
. 0-0.
@120. NtRte RecvTask MsgText and ii --at Thu Mar 08 09:24:07 2001
. 0-0.
@132. NtRte RecvTask -SendMsg() to Destination-at Thu Mar 08 09:24:07 2001
. 0-0.
@135. NtRte end loop -RcvTask-at Thu Mar 08 09:24:07 2001
. 0-0.
@93. NtRte start loop -RcvTask processing message-at Thu Mar 08 09:24:07 2001
. 0-0.
@286. NtRte  -DoApplicationMsg-at Thu Mar 08 09:24:07 2001
. 0-0.
@312. NtRte Send  -src=ANY-KWSERV1, dest=ANY-KWSERV1-at Thu Mar 08 09:24:07 2001
. 2045-0.
@322. NtRte  -SendTo End-at Thu Mar 08 09:24:07 2001
. 0-0.
@104. NtRte Recv  -src=VOICAUTH-SPSWRK1, dest=REFQUE-SPSWRK6-at Thu Mar 08 09:24:08 2001
. 0-0.
@120. NtRte RecvTask MsgText and ii --at Thu Mar 08 09:24:08 2001
. 0-0.
@132. NtRte RecvTask -SendMsg() to Destination-at Thu Mar 08 09:24:08 2001
. 0-0.
@135. NtRte end loop -RcvTask-at Thu Mar 08 09:24:08 2001
. 0-0.
@93. NtRte start loop -RcvTask processing message-at Thu Mar 08 09:24:08 2001
. 0-0.
@286. NtRte  -DoApplicationMsg-at Thu Mar 08 09:24:08 2001
. 0-0.
@312. NtRte Send  -src=VOICAUTH-SPSWRK1, dest=VOICAUTH-SPSWRK1-at Thu Mar 08 09:24:08 2001
. 63-0.
@322. NtRte  -SendTo End-at Thu Mar 08 09:24:08 2001
. 0-0.
@104. NtRte Recv  -src=ANY-KWSERV1, dest=CHKAUTH-SPSWRK6-at Thu Mar 08 09:24:17 2001
. 0-0.
@120. NtRte RecvTask MsgText and ii --at Thu Mar 08 09:24:17 2001
. 0-0.
@132. NtRte RecvTask -SendMsg() to Destination-at Thu Mar 08 09:24:17 2001
. 0-0.
@135. NtRte end loop -RcvTask-at Thu Mar 08 09:24:17 2001
. 0-0.
@93. NtRte start loop -RcvTask processing message-at Thu Mar 08 09:24:17 2001
. 0-0.
@286. NtRte  -DoApplicationMsg-at Thu Mar 08 09:24:17 2001
. 0-0.
@312. NtRte Send  -src=ANY-KWSERV1, dest=ManageDB-SPSWRK6-at Thu Mar 08 09:24:17 2001
. 312-0.
@322. NtRte  -SendTo End-at Thu Mar 08 09:24:17 2001
. 0-0.
@104. NtRte Recv  -src=ANY-KWSERV1, dest=ManageDB-SPSWRK6-at Thu Mar 08 09:24:17 2001
. 0-0.
@120. NtRte RecvTask MsgText and ii --at Thu Mar 08 09:24:17 2001
. 0-0.
@132. NtRte RecvTask -SendMsg() to Destination-at Thu Mar 08 09:24:17 2001
. 0-0.
@135. NtRte end loop -RcvTask-at Thu Mar 08 09:24:17 2001
. 0-0.
@93. NtRte start loop -RcvTask processing message-at Thu Mar 08 09:24:17 2001
. 0-0.
@286. NtRte  -DoApplicationMsg-at Thu Mar 08 09:24:17 2001
. 0-0.
@312. NtRte Send  -src=POSAUTH-SPSWRK6, dest=ManageDB-SPSWRK6-at Thu Mar 08 09:24:17 2001
. 62-0.
@322. NtRte  -SendTo End-at Thu Mar 08 09:24:17 2001
. 0-0.
@104. NtRte Recv  -src=POSAUTH-SPSWRK6, dest=ManageDB-SPSWRK6-at Thu Mar 08 09:24:17 2001
. 0-0.
@120. NtRte RecvTask MsgText and ii --at Thu Mar 08 09:24:17 2001
. 0-0.
@132. NtRte RecvTask -SendMsg() to Destination-at Thu Mar 08 09:24:17 2001
. 0-0.
@135. NtRte end loop -RcvTask-at Thu Mar 08 09:24:17 2001
. 0-0.
@93. NtRte start loop -RcvTask processing message-at Thu Mar 08 09:24:17 2001
. 0-0.
@286. NtRte  -DoApplicationMsg-at Thu Mar 08 09:24:17 2001
. 0-0.
@312. NtRte Send  -src=ANY-KWSERV1, dest=ANY-KWSERV1-at Thu Mar 08 09:24:17 2001
. 1757-0.
@322. NtRte  -SendTo End-at Thu Mar 08 09:24:17 2001
. 0-0.
@104. NtRte Recv  -src=VOICAUTH-SPSWRK1, dest=REFQUE-SPSWRK6-at Thu Mar 08 09:24:19 2001
. 0-0.
@120. NtRte RecvTask MsgText and ii --at Thu Mar 08 09:24:19 2001
. 0-0.
@132. NtRte RecvTask -SendMsg() to Destination-at Thu Mar 08 09:24:19 2001
. 0-0.
@135. NtRte end loop -RcvTask-at Thu Mar 08 09:24:19 2001
. 0-0.
@93. NtRte start loop -RcvTask processing message-at Thu Mar 08 09:24:19 2001
. 0-0.
@286. NtRte  -DoApplicationMsg-at Thu Mar 08 09:24:19 2001
. 0-0.
@312. NtRte Send  -src=VOICAUTH-SPSWRK1, dest=VOICAUTH-SPSWRK1-at Thu Mar 08 09:24:19 2001
. 1840-0.
@322. NtRte  -SendTo End-at Thu Mar 08 09:24:19 2001
. 0-0.
@104. NtRte Recv  -src=VOICAUTH-SPSWRK1, dest=BANKPHON-SPSWRK6-at Thu Mar 08 09:24:32 2001
. 0-0.
@120. NtRte RecvTask MsgText and ii --at Thu Mar 08 09:24:32 2001
. 0-0.
@132. NtRte RecvTask -SendMsg() to Destination-at Thu Mar 08 09:24:32 2001
. 0-0.
@135. NtRte end loop -RcvTask-at Thu Mar 08 09:24:32 2001
. 0-0.
@93. NtRte start loop -RcvTask processing message-at Thu Mar 08 09:24:32 2001
. 0-0.
@286. NtRte  -DoApplicationMsg-at Thu Mar 08 09:24:32 2001
. 0-0.
@312. NtRte Send  -src=VOICAUTH-SPSWRK1, dest=VOICAUTH-SPSWRK1-at Thu Mar 08 09:24:32 2001
. 196-0.
@322. NtRte  -SendTo End-at Thu Mar 08 09:24:32 2001
. 0-0.
@104. NtRte Recv  -src=VOICAUTH-SPSWRK1, dest=POSFILE-SPSWRK6-at Thu Mar 08 09:24:37 2001
. 0-0.
@120. NtRte RecvTask MsgText and ii --at Thu Mar 08 09:24:37 2001
. 0-0.
@132. NtRte RecvTask -SendMsg() to Destination-at Thu Mar 08 09:24:37 2001
. 0-0.
@135. NtRte end loop -RcvTask-at Thu Mar 08 09:24:37 2001
. 0-0.
@93. NtRte start loop -RcvTask processing message-at Thu Mar 08 09:24:37 2001
. 0-0.
@286. NtRte  -DoApplicationMsg-at Thu Mar 08 09:24:37 2001
. 0-0.
@312. NtRte Send  -src=VOICAUTH-SPSWRK1, dest=VOICAUTH-SPSWRK1-at Thu Mar 08 09:24:37 2001
. 109-0.
@322. NtRte  -SendTo End-at Thu Mar 08 09:24:37 2001
. 0-0.
@104. NtRte Recv  -src=VOICAUTH-SPSWRK1, dest=SPSLOG-SPSWRK6-at Thu Mar 08 09:24:37 2001
. 0-0.
@120. NtRte RecvTask MsgText and ii --at Thu Mar 08 09:24:37 2001
. 0-0.
@132. NtRte RecvTask -SendMsg() to Destination-at Thu Mar 08 09:24:37 2001
. 0-0.
@135. NtRte end loop -RcvTask-at Thu Mar 08 09:24:37 2001
. 0-0.
@93. NtRte start loop -RcvTask processing message-at Thu Mar 08 09:24:37 2001
. 0-0.
@286. NtRte  -DoApplicationMsg-at Thu Mar 08 09:24:38 2001
. 0-0.
@312. NtRte Send  -src=VOICAUTH-SPSWRK1, dest=VOICAUTH-SPSWRK1-at Thu Mar 08 09:24:38 2001
. 1990-0.
@322. NtRte  -SendTo End-at Thu Mar 08 09:24:38 2001
. 0-0.
@104. NtRte Recv  -src=ANY-KWSERV1, dest=CHKAUTH-SPSWRK6-at Thu Mar 08 09:24:45 2001
. 0-0.
@120. NtRte RecvTask MsgText and ii --at Thu Mar 08 09:24:45 2001
. 0-0.
@132. NtRte RecvTask -SendMsg() to Destination-at Thu Mar 08 09:24:45 2001
. 0-0.
@135. NtRte end loop -RcvTask-at Thu Mar 08 09:24:45 2001
. 0-0.
@93. NtRte start loop -RcvTask processing message-at Thu Mar 08 09:24:45 2001
. 0-0.
@286. NtRte  -DoApplicationMsg-at Thu Mar 08 09:24:45 2001
. 0-0.
@312. NtRte Send  -src=ANY-KWSERV1, dest=ManageDB-SPSWRK6-at Thu Mar 08 09:24:45 2001
. 269-0.
@322. NtRte  -SendTo End-at Thu Mar 08 09:24:45 2001
. 0-0.
@104. NtRte Recv  -src=ANY-KWSERV1, dest=ManageDB-SPSWRK6-at Thu Mar 08 09:24:45 2001
. 0-0.
@120. NtRte RecvTask MsgText and ii --at Thu Mar 08 09:24:45 2001
. 0-0.
@132. NtRte RecvTask -SendMsg() to Destination-at Thu Mar 08 09:24:45 2001
. 0-0.
@135. NtRte end loop -RcvTask-at Thu Mar 08 09:24:45 2001
. 0-0.
@93. NtRte start loop -RcvTask processing message-at Thu Mar 08 09:24:45 2001
. 0-0.
@286. NtRte  -DoApplicationMsg-at Thu Mar 08 09:24:45 2001
. 0-0.
@312. NtRte Send  -src=POSAUTH-SPSWRK6, dest=ManageDB-SPSWRK6-at Thu Mar 08 09:24:45 2001
. 62-0.
@322. NtRte  -SendTo End-at Thu Mar 08 09:24:45 2001
. 0-0.
@104. NtRte Recv  -src=POSAUTH-SPSWRK6, dest=ManageDB-SPSWRK6-at Thu Mar 08 09:24:45 2001
. 0-0.
@120. NtRte RecvTask MsgText and ii --at Thu Mar 08 09:24:45 2001
. 0-0.
@132. NtRte RecvTask -SendMsg() to Destination-at Thu Mar 08 09:24:45 2001
. 0-0.
@135. NtRte end loop -RcvTask-at Thu Mar 08 09:24:45 2001
. 0-0.
@93. NtRte start loop -RcvTask processing message-at Thu Mar 08 09:24:45 2001
. 0-0.
@286. NtRte  -DoApplicationMsg-at Thu Mar 08 09:24:45 2001
. 0-0.
@312. NtRte Send  -src=ANY-KWSERV1, dest=ANY-KWSERV1-at Thu Mar 08 09:24:45 2001
. 1714-0.
@322. NtRte  -SendTo End-at Thu Mar 08 09:24:45 2001
. 0-0.
@104. NtRte Recv  -src=ANY-KWSERV1, dest=CHKAUTH-SPSWRK6-at Thu Mar 08 09:24:47 2001
. 0-0.
@120. NtRte RecvTask MsgText and ii --at Thu Mar 08 09:24:47 2001
. 0-0.
@132. NtRte RecvTask -SendMsg() to Destination-at Thu Mar 08 09:24:47 2001
. 0-0.
@135. NtRte end loop -RcvTask-at Thu Mar 08 09:24:47 2001
. 0-0.
@93. NtRte start loop -RcvTask processing message-at Thu Mar 08 09:24:47 2001
. 0-0.
@286. NtRte  -DoApplicationMsg-at Thu Mar 08 09:24:47 2001
. 0-0.
@312. NtRte Send  -src=ANY-KWSERV1, dest=ManageDB-SPSWRK6-at Thu Mar 08 09:24:47 2001
. 281-0.
@322. NtRte  -SendTo End-at Thu Mar 08 09:24:47 2001
. 0-0.
@104. NtRte Recv  -src=ANY-KWSERV1, dest=ManageDB-SPSWRK6-at Thu Mar 08 09:24:47 2001
. 0-0.
@120. NtRte RecvTask MsgText and ii --at Thu Mar 08 09:24:47 2001
. 0-0.
@132. NtRte RecvTask -SendMsg() to Destination-at Thu Mar 08 09:24:47 2001
. 0-0.
@135. NtRte end loop -RcvTask-at Thu Mar 08 09:24:47 2001
. 0-0.
@93. NtRte start loop -RcvTask processing message-at Thu Mar 08 09:24:47 2001
. 0-0.
@286. NtRte  -DoApplicationMsg-at Thu Mar 08 09:24:47 2001
. 0-0.
@312. NtRte Send  -src=POSAUTH-SPSWRK6, dest=ManageDB-SPSWRK6-at Thu Mar 08 09:24:47 2001
. 62-0.
@322. NtRte  -SendTo End-at Thu Mar 08 09:24:47 2001
. 0-0.
@104. NtRte Recv  -src=POSAUTH-SPSWRK6, dest=ManageDB-SPSWRK6-at Thu Mar 08 09:24:47 2001
. 0-0.
@120. NtRte RecvTask MsgText and ii --at Thu Mar 08 09:24:47 2001
. 0-0.
@132. NtRte RecvTask -SendMsg() to Destination-at Thu Mar 08 09:24:47 2001
. 0-0.
@135. NtRte end loop -RcvTask-at Thu Mar 08 09:24:47 2001
. 0-0.
@93. NtRte start loop -RcvTask processing message-at Thu Mar 08 09:24:47 2001
. 0-0.
@286. NtRte  -DoApplicationMsg-at Thu Mar 08 09:24:47 2001
. 0-0.
@312. NtRte Send  -src=ANY-KWSERV1, dest=ANY-KWSERV1-at Thu Mar 08 09:24:47 2001
. 1723-0.
@322. NtRte  -SendTo End-at Thu Mar 08 09:24:47 2001
. 0-0.
